============================================================
  Generated by:           Genus(TM) Synthesis Solution 23.17-s085_1
  Generated on:           May 17 2026  10:34:13 am
  Module:                 viterbi_decoder
  Operating conditions:   ss_1.62_125 (balanced_tree)
  Wireload mode:          enclosed
  Area mode:              timing library
============================================================

Timing
--------

Clock Period 
-------------
clk   5000.0 


  Cost    Critical         Violating 
 Group   Path Slack  TNS     Paths   
-------------------------------------
clk            50.2   0.0          0 
default    No paths   0.0            
-------------------------------------
Total                 0.0          0 

Instance Count
--------------
Leaf Instance Count             297 
Physical Instance count           0 
Sequential Instance Count        53 
Combinational Instance Count    244 
Hierarchical Instance Count       0 

Area
----
Cell Area                          4435.307
Physical Cell Area                 0.000
Total Cell Area (Cell+Physical)    4435.307
Net Area                           0.000
Total Area (Cell+Physical+Net)     4435.307

Max Fanout                         53 (clk)
Min Fanout                         0 (rst_n)
Average Fanout                     2.2
Terms to net ratio                 3.4434
Terms to instance ratio            3.7912
Runtime                            59.949602 seconds
Elapsed Runtime                    60 seconds
Genus peak memory usage            1986.54 
Innovus peak memory usage          no_value 
Hostname                           localhost
