============================================================
  Generated by:           Genus(TM) Synthesis Solution 23.17-s085_1
  Generated on:           May 16 2026  11:58:58 am
  Module:                 viterbi_decoder
  Operating conditions:   ss_1.62_125 (balanced_tree)
  Wireload mode:          enclosed
  Area mode:              timing library
============================================================

                                
   Gate    Instances    Area           Library        
------------------------------------------------------
ADDHX1             1     20.948    sky130_ss_1.62_125 
AND2X1            11    104.742    sky130_ss_1.62_125 
AND2X2             1      9.522    sky130_ss_1.62_125 
AND3X2             1     11.426    sky130_ss_1.62_125 
AOI21X1           34    323.748    sky130_ss_1.62_125 
AOI21X2           18    274.230    sky130_ss_1.62_125 
AOI22X1            7     79.982    sky130_ss_1.62_125 
BUFX4              3     34.278    sky130_ss_1.62_125 
CLKAND2X2          9     85.698    sky130_ss_1.62_125 
CLKBUFX2          49    373.282    sky130_ss_1.62_125 
CLKBUFX4           1     11.426    sky130_ss_1.62_125 
CLKINVX1         130    742.690    sky130_ss_1.62_125 
CLKINVX2          29    165.677    sky130_ss_1.62_125 
CLKINVX4           4     38.088    sky130_ss_1.62_125 
CLKXOR2X1          8    106.648    sky130_ss_1.62_125 
DFFRX1            42   1599.696    sky130_ss_1.62_125 
DFFRX4             8    411.352    sky130_ss_1.62_125 
DFFSX1             6    228.528    sky130_ss_1.62_125 
DFFSX4             9    462.769    sky130_ss_1.62_125 
INVX1              9     51.417    sky130_ss_1.62_125 
INVX2             47    268.511    sky130_ss_1.62_125 
INVX4              2     19.044    sky130_ss_1.62_125 
MX2X1             32    487.520    sky130_ss_1.62_125 
MX4X1              4    121.880    sky130_ss_1.62_125 
NAND2X1          259   1973.062    sky130_ss_1.62_125 
NAND2X2          103    980.766    sky130_ss_1.62_125 
NAND2X4           24    411.360    sky130_ss_1.62_125 
NAND3X1           37    352.314    sky130_ss_1.62_125 
NAND3X2           29    441.815    sky130_ss_1.62_125 
NAND3X4            1     26.662    sky130_ss_1.62_125 
NAND4X1           10    114.260    sky130_ss_1.62_125 
NAND4X2            1     19.044    sky130_ss_1.62_125 
NOR2X1            47    358.046    sky130_ss_1.62_125 
NOR2X2            36    411.336    sky130_ss_1.62_125 
NOR2X4             2     34.280    sky130_ss_1.62_125 
NOR3X1             5     47.610    sky130_ss_1.62_125 
OAI211X1           4     45.680    sky130_ss_1.62_125 
OAI211X2           2     38.088    sky130_ss_1.62_125 
OAI21X1           56    533.232    sky130_ss_1.62_125 
OAI21X2            7    106.645    sky130_ss_1.62_125 
OAI221X1           1     13.331    sky130_ss_1.62_125 
OAI22X1            7     79.982    sky130_ss_1.62_125 
OR2X1              6     57.132    sky130_ss_1.62_125 
OR2X2              1      9.522    sky130_ss_1.62_125 
OR3X2              1     11.426    sky130_ss_1.62_125 
XNOR2X1            9    137.115    sky130_ss_1.62_125 
------------------------------------------------------
total           1113  12235.810                       


                                          
     Type      Instances    Area   Area % 
------------------------------------------
sequential            65  2702.345   22.1 
inverter             221  1285.427   10.5 
buffer                53   418.986    3.4 
logic                774  7829.052   64.0 
physical_cells         0     0.000    0.0 
------------------------------------------
total               1113 12235.810  100.0 

