============================================================
  Generated by:           Genus(TM) Synthesis Solution 23.17-s085_1
  Generated on:           May 16 2026  11:58:57 am
  Module:                 viterbi_decoder
  Operating conditions:   ss_1.62_125 (balanced_tree)
  Wireload mode:          enclosed
  Area mode:              timing library
============================================================


Path 1: MET (0 ps) Setup Check with Pin u_memory_pm01_reg[0]/CK->D
          Group: clk
     Startpoint: (R) u_control_state_reg[0]/CK
          Clock: (R) clk
       Endpoint: (F) u_memory_pm01_reg[0]/D
          Clock: (R) clk

                     Capture       Launch     
        Clock Edge:+    5000            0     
       Src Latency:+       0            0     
       Net Latency:+       0 (I)        0 (I) 
           Arrival:=    5000            0     
                                              
             Setup:-     236                  
       Uncertainty:-     250                  
     Required Time:=    4514                  
      Launch Clock:-       0                  
         Data Path:-    4514                  
             Slack:=       0                  

#--------------------------------------------------------------------------------------------------
#       Timing Point        Flags   Arc   Edge   Cell     Fanout Load Trans Delay Arrival Instance 
#                                                                (fF)  (ps)  (ps)   (ps)  Location 
#--------------------------------------------------------------------------------------------------
  u_control_state_reg[0]/CK -       -     R     (arrival)     65    -     0     0       0    (-,-) 
  u_control_state_reg[0]/Q  -       CK->Q R     DFFRX1         3 12.0   169   572     572    (-,-) 
  g29428/Y                  -       A->Y  F     CLKINVX2       4 17.7    85   133     706    (-,-) 
  g29427/Y                  -       A->Y  R     INVX2          1  5.8    56    76     782    (-,-) 
  g57/Y                     -       C->Y  F     NAND3X2        1  6.0    95   104     885    (-,-) 
  g55/Y                     -       B->Y  R     NAND2X2        1 11.3    87   107     992    (-,-) 
  g29756/Y                  -       B->Y  F     NAND2X4        3 20.5    87   114    1106    (-,-) 
  g29754/Y                  -       B->Y  R     NAND2X2        1 11.0   100   102    1208    (-,-) 
  g29988/Y                  -       A->Y  F     NAND2X4        7 26.5   105   139    1347    (-,-) 
  g29749/Y                  -       A->Y  R     INVX2          4 15.1   104   124    1470    (-,-) 
  g29979/Y                  -       A->Y  F     NOR2X1         1  3.0    48    87    1557    (-,-) 
  g29317/Y                  -       A->Y  R     CLKINVX1       2  8.9   109   108    1665    (-,-) 
  g29316/Y                  -       A->Y  F     INVX2          2  8.6    49    82    1747    (-,-) 
  g27527__5107/Y            -       A->Y  R     NAND2X2        2  6.4    84    79    1826    (-,-) 
  g27514__5107/Y            -       B->Y  F     NAND2X1        1  3.1    61    90    1915    (-,-) 
  g27468/Y                  -       A->Y  R     INVX1          1  6.0    80    92    2007    (-,-) 
  g29726/Y                  -       B->Y  F     NAND2X2        5 18.0   125   141    2148    (-,-) 
  g27417__8428/Y            -       A->Y  R     NAND2X1        1  5.8   101   134    2282    (-,-) 
  g29080/Y                  -       C->Y  F     NAND3X2        1  5.8    95   121    2403    (-,-) 
  g29079/Y                  -       C->Y  R     NAND3X2        2 11.3   105   112    2515    (-,-) 
  g29653/Y                  -       A->Y  F     NAND3X2        1 11.3   140   184    2699    (-,-) 
  g29535/Y                  -       B->Y  R     NAND2X4        2 22.6   104   128    2827    (-,-) 
  g29072/Y                  -       B->Y  F     NAND2X4        7 29.2   114   142    2969    (-,-) 
  fopt28168/Y               -       A->Y  R     CLKINVX2       5 17.9   120   139    3108    (-,-) 
  fopt28008/Y               -       A->Y  F     CLKINVX1       1  5.6    59    96    3203    (-,-) 
  g27138__3680/Y            -       A1->Y R     AOI21X2        3  9.3   170   172    3376    (-,-) 
  g27006__4733/Y            -       A->Y  F     NAND2X1        1  3.1    69   122    3498    (-,-) 
  g26921__8428/Y            -       B->Y  R     NOR3X1         1  3.2   194   203    3701    (-,-) 
  g267/Y                    -       B->Y  F     NAND2X1        1 11.3   160   208    3909    (-,-) 
  g266/Y                    -       B->Y  R     NAND2X4        2 14.3    86   113    4022    (-,-) 
  g264/Y                    -       B->Y  F     NOR2X4        11 32.5    72   100    4122    (-,-) 
  g26864__3680/Y            -       A->Y  R     NAND2X1        1  3.2    66    90    4212    (-,-) 
  g26847__9315/Y            -       B0->Y F     OAI21X1        1  3.2    90   104    4316    (-,-) 
  g26814__6783/Y            -       B->Y  R     NAND2X1        1  3.2   122    86    4401    (-,-) 
  g26793__9315/Y            -       C->Y  F     NAND3X1        1  1.8    79   112    4514    (-,-) 
  u_memory_pm01_reg[0]/D    <<<     -     F     DFFSX4         1    -     -     0    4514    (-,-) 
#--------------------------------------------------------------------------------------------------

