============================================================
  Generated by:           Genus(TM) Synthesis Solution 23.17-s085_1
  Generated on:           May 16 2026  11:58:58 am
  Module:                 viterbi_decoder
  Operating conditions:   ss_1.62_125 (balanced_tree)
  Wireload mode:          enclosed
  Area mode:              timing library
============================================================

Timing
--------

Clock Period 
-------------
clk   5000.0 


  Cost    Critical         Violating 
 Group   Path Slack  TNS     Paths   
-------------------------------------
clk             0.0   0.0          0 
default    No paths   0.0            
-------------------------------------
Total                 0.0          0 

Instance Count
--------------
Leaf Instance Count             1113 
Physical Instance count            0 
Sequential Instance Count         65 
Combinational Instance Count    1048 
Hierarchical Instance Count        0 

Area
----
Cell Area                          12235.810
Physical Cell Area                 0.000
Total Cell Area (Cell+Physical)    12235.810
Net Area                           0.000
Total Area (Cell+Physical+Net)     12235.810

Max Fanout                         65 (clk)
Min Fanout                         0 (rst_n)
Average Fanout                     2.0
Terms to net ratio                 3.0181
Terms to instance ratio            3.1429
Runtime                            239.08137400000004 seconds
Elapsed Runtime                    243 seconds
Genus peak memory usage            2082.71 
Innovus peak memory usage          no_value 
Hostname                           localhost
