============================================================
  Generated by:           Genus(TM) Synthesis Solution 23.17-s085_1
  Generated on:           May 17 2026  10:34:12 am
  Module:                 viterbi_decoder
  Operating conditions:   ss_1.62_125 (balanced_tree)
  Wireload mode:          enclosed
  Area mode:              timing library
============================================================


Path 1: MET (50 ps) Setup Check with Pin u_memory_pm10_reg[0]/CK->D
          Group: clk
     Startpoint: (R) u_control_state_reg[0]/CK
          Clock: (R) clk
       Endpoint: (F) u_memory_pm10_reg[0]/D
          Clock: (R) clk

                     Capture       Launch     
        Clock Edge:+    5000            0     
       Src Latency:+       0            0     
       Net Latency:+       0 (I)        0 (I) 
           Arrival:=    5000            0     
                                              
             Setup:-     264                  
       Uncertainty:-     250                  
     Required Time:=    4486                  
      Launch Clock:-       0                  
         Data Path:-    4436                  
             Slack:=      50                  

#--------------------------------------------------------------------------------------------------
#       Timing Point        Flags   Arc   Edge   Cell     Fanout Load Trans Delay Arrival Instance 
#                                                                (fF)  (ps)  (ps)   (ps)  Location 
#--------------------------------------------------------------------------------------------------
  u_control_state_reg[0]/CK -       -     R     (arrival)     53    -     0     0       0    (-,-) 
  u_control_state_reg[0]/Q  -       CK->Q R     DFFRX1         9 28.4   329   700     700    (-,-) 
  g3/Y                      -       S0->Y F     MX2X1          1  3.0    61   394    1094    (-,-) 
  g2/Y                      -       A->Y  R     NAND2X1        1  5.7    89   103    1197    (-,-) 
  g7102__8246/Y             -       A->Y  F     NAND2X2        4 14.8   108   137    1334    (-,-) 
  g7086__7482/Y             -       A->Y  R     NAND2X1        4 15.2   190   196    1530    (-,-) 
  g7047__7098/Y             -       B->Y  F     NAND2X2        5 17.0   135   184    1714    (-,-) 
  g7045/Y                   -       A->Y  R     CLKINVX2      10 31.0   187   200    1914    (-,-) 
  g7040__3680/Y             -       B0->Y F     AOI21X1        2  6.1   110   126    2040    (-,-) 
  g7024__9945/Y             -       B0->Y R     AOI21X1        1  2.6   127   149    2189    (-,-) 
  g7003__1617/Y             -       B->Y  R     CLKAND2X2      2  6.0    57   182    2371    (-,-) 
  g7000/Y                   -       A->Y  F     CLKINVX1       1  3.0    31    56    2426    (-,-) 
  g6996__6260/Y             -       A0->Y R     OAI21X1        1  3.2   138   153    2579    (-,-) 
  g6992__5477/Y             -       B->Y  F     NAND2X1        3 12.0   156   190    2770    (-,-) 
  g6971__7098/Y             -       A1->Y R     OAI22X1        3  9.3   326   304    3074    (-,-) 
  g6955__7410/Y             -       B->Y  F     NOR2X1         2  6.1   105   166    3240    (-,-) 
  g6951/Y                   -       A->Y  R     CLKINVX1       1  3.1    65    85    3326    (-,-) 
  g6929__3680/Y             -       C0->Y F     OAI211X1       2  6.0   177   173    3499    (-,-) 
  g6925/Y                   -       A->Y  R     CLKINVX1       1  3.1    83   105    3604    (-,-) 
  g6916__5107/Y             -       B->Y  F     NOR2X1         1  3.1    51    69    3674    (-,-) 
  g6907__5477/Y             -       A1->Y R     OAI21X1        4 12.3   329   279    3953    (-,-) 
  g6905/Y                   -       A->Y  F     CLKINVX1       3  6.7   108   167    4120    (-,-) 
  g6889__5526/Y             -       A1->Y R     AOI22X1        1  3.1   171   199    4318    (-,-) 
  g6868__2398/Y             -       A1->Y F     OAI21X1        1  1.8   186   117    4436    (-,-) 
  u_memory_pm10_reg[0]/D    <<<     -     F     DFFSX1         1    -     -     0    4436    (-,-) 
#--------------------------------------------------------------------------------------------------

