============================================================
  Generated by:           Genus(TM) Synthesis Solution 23.17-s085_1
  Generated on:           May 17 2026  10:34:13 am
  Module:                 viterbi_decoder
  Operating conditions:   ss_1.62_125 (balanced_tree)
  Wireload mode:          enclosed
  Area mode:              timing library
============================================================

                               
   Gate    Instances    Area          Library        
-----------------------------------------------------
AND2X1             3    28.566    sky130_ss_1.62_125 
AND2X2             1     9.522    sky130_ss_1.62_125 
AND4X2             1    13.330    sky130_ss_1.62_125 
AOI211X1           4    45.704    sky130_ss_1.62_125 
AOI21X1           20   190.440    sky130_ss_1.62_125 
AOI221X1           4    53.324    sky130_ss_1.62_125 
AOI22X1           13   148.538    sky130_ss_1.62_125 
CLKAND2X2          2    19.044    sky130_ss_1.62_125 
CLKINVX1          32   182.816    sky130_ss_1.62_125 
CLKINVX2          12    68.556    sky130_ss_1.62_125 
DFFRX1            47  1790.136    sky130_ss_1.62_125 
DFFSX1             6   228.528    sky130_ss_1.62_125 
INVX2              1     5.713    sky130_ss_1.62_125 
MX2X1             40   609.400    sky130_ss_1.62_125 
MX4X1              4   121.880    sky130_ss_1.62_125 
NAND2X1           53   403.754    sky130_ss_1.62_125 
NAND2X2            3    28.566    sky130_ss_1.62_125 
NAND3X1            6    57.132    sky130_ss_1.62_125 
NOR2X1            12    91.416    sky130_ss_1.62_125 
NOR3X1             2    19.044    sky130_ss_1.62_125 
OAI211X1           6    68.520    sky130_ss_1.62_125 
OAI21X1           16   152.352    sky130_ss_1.62_125 
OAI22X1            7    79.982    sky130_ss_1.62_125 
OR2X1              2    19.044    sky130_ss_1.62_125 
-----------------------------------------------------
total            297  4435.307                       


                                         
     Type      Instances   Area   Area % 
-----------------------------------------
sequential            53 2018.664   45.5 
inverter              45  257.085    5.8 
logic                199 2159.558   48.7 
physical_cells         0    0.000    0.0 
-----------------------------------------
total                297 4435.307  100.0 

