============================================================
  Generated by:           Genus(TM) Synthesis Solution 23.17-s085_1
  Generated on:           May 14 2026  02:52:40 pm
  Module:                 viterbi_decoder
  Operating conditions:   tt_1.8_25 (balanced_tree)
  Wireload mode:          enclosed
  Area mode:              timing library
============================================================

                               
   Gate    Instances    Area         Library       
---------------------------------------------------
ADDHX1             5   104.740    sky130_tt_1.8_25 
AND2X1             8    76.176    sky130_tt_1.8_25 
AND3X2             1    11.426    sky130_tt_1.8_25 
AOI211X1           3    34.278    sky130_tt_1.8_25 
AOI21X1           33   314.226    sky130_tt_1.8_25 
AOI22X1           24   274.224    sky130_tt_1.8_25 
CLKAND2X2          3    28.566    sky130_tt_1.8_25 
CLKINVX1          14    79.982    sky130_tt_1.8_25 
CLKINVX2          25   142.825    sky130_tt_1.8_25 
CLKMX2X2           2    30.470    sky130_tt_1.8_25 
CLKXOR2X1         30   399.930    sky130_tt_1.8_25 
DFFRX1             2    76.176    sky130_tt_1.8_25 
DFFX1             30  1028.370    sky130_tt_1.8_25 
ICGPRECX1          2    72.367    sky130_tt_1.8_25 
INVX1             33   188.529    sky130_tt_1.8_25 
INVX2             14    79.982    sky130_tt_1.8_25 
MX2X1             11   167.585    sky130_tt_1.8_25 
MX4X1              2    60.940    sky130_tt_1.8_25 
NAND2X1           49   373.282    sky130_tt_1.8_25 
NAND3X1            6    57.132    sky130_tt_1.8_25 
NOR2X1            38   289.484    sky130_tt_1.8_25 
NOR3X1             2    19.044    sky130_tt_1.8_25 
OAI211X1          18   205.560    sky130_tt_1.8_25 
OAI21X1           42   399.924    sky130_tt_1.8_25 
OAI221X1           6    79.986    sky130_tt_1.8_25 
OAI222X1           2    30.470    sky130_tt_1.8_25 
OAI22X1           12   137.112    sky130_tt_1.8_25 
OR2X1              7    66.654    sky130_tt_1.8_25 
OR3X1              4    45.704    sky130_tt_1.8_25 
XNOR2X1            1    15.235    sky130_tt_1.8_25 
XNOR2X2            1    15.235    sky130_tt_1.8_25 
---------------------------------------------------
total            430  4905.614                     


                                                       
            Type             Instances   Area   Area % 
-------------------------------------------------------
sequential                          32 1104.546   22.5 
inverter                            86  491.318   10.0 
clock_gating_integrated_cell         2   72.367    1.5 
logic                              310 3237.383   66.0 
physical_cells                       0    0.000    0.0 
-------------------------------------------------------
total                              430 4905.614  100.0 

