============================================================
  Generated by:           Genus(TM) Synthesis Solution 23.17-s085_1
  Generated on:           May 14 2026  02:52:39 pm
  Module:                 viterbi_decoder
  Technology library:     sky130_tt_1.8_25 1.0
  Operating conditions:   tt_1.8_25 (balanced_tree)
  Wireload mode:          enclosed
  Area mode:              timing library
============================================================

Timing
--------

Clock Period 
-------------
clk   5550.0 


        Cost          Critical         Violating 
       Group         Path Slack  TNS     Paths   
-------------------------------------------------
cg_enable_group_clk      2170.6   0.0          0 
clk                        85.7   0.0          0 
default                No paths   0.0            
-------------------------------------------------
Total                             0.0          0 

Instance Count
--------------
Leaf Instance Count             430 
Physical Instance count           0 
Sequential Instance Count        34 
Combinational Instance Count    396 
Hierarchical Instance Count       2 

Area
----
Cell Area                          4905.614
Physical Cell Area                 0.000
Total Cell Area (Cell+Physical)    4905.614
Net Area                           0.000
Total Area (Cell+Physical+Net)     4905.614

Max Fanout                         24 (rc_gclk)
Min Fanout                         0 (rst_n)
Average Fanout                     2.1
Terms to net ratio                 3.0719
Terms to instance ratio            3.4791
Runtime                            97.516817 seconds
Elapsed Runtime                    98 seconds
Genus peak memory usage            2088.88 
Innovus peak memory usage          no_value 
Hostname                           localhost
