[INFO] Project root : /home/iclab6/Downloads/banbinhthuongvi_viterbi_v8_layout_ready
[INFO] Running Cadence xrun with sim/run.f
TOOL:	xrun	25.09-s004: Started on May 14, 2026 at 14:50:35 +07
TOOL:	xrun(64)	25.09-s004: Started on May 14, 2026 at 14:50:36 +07
xrun(64): 25.09-s004: (c) Copyright 1995-2026 Cadence Design Systems, Inc.
xrun: *N,CLEAN: Removing existing directory ./xcelium.d.
file: rtl/viterbi_decoder.v
	module worklib.viterbi_decoder:v
		errors: 0, warnings: 0
file: tb/tb_viterbi_decoder_fileio.v
        apply_reset();
                    |
xmvlog: *W,TMTPAR (tb/tb_viterbi_decoder_fileio.v,121|20): A task enable with no arguments must not include an empty set of parentheses [10.2.2 (IEEE Std 1364-2005)].  The compiler has ignored the parentheses.  Use 'xmhelp xmvlog TMTPAR'  for further information.
	module worklib.tb_viterbi_decoder_fileio:v
		errors: 0, warnings: 1
	Elaborating the design hierarchy:
		Caching library 'worklib' ....... Done
	Top level design units:
		worklib.tb_viterbi_decoder_fileio:v (module)
	Building instance overlay tables: .................... Done
	Generating native compiled code:
		worklib.viterbi_decoder:v <0x03dbe942>
			streams:  19, words: 50438
		worklib.tb_viterbi_decoder_fileio:v <0x20a9c6c6>
			streams:   9, words: 18096
	Building instance specific data structures.
	Loading native compiled code:     .................... Done
	Design hierarchy summary:
		                 Instances  Unique
		Modules:                 2       2
		Registers:              99      99
		Scalar wires:            5       -
		Vectored wires:         15       -
		Always blocks:           3       3
		Initial blocks:          2       2
		Cont. assignments:       6      14
		Pseudo assignments:      4       -
		Process Clocks:          2       2
		Simulation timescale:  1ps
	Writing initial simulation snapshot: worklib.tb_viterbi_decoder_fileio:v
Loading snapshot worklib.tb_viterbi_decoder_fileio:v .................... Done
xcelium> source /home/cadence/XCELIUM2509/tools/xcelium/files/xmsimrc
xcelium> run
[PASS] encoded=8000 decoded=00 latency=1
[PASS] encoded=4000 decoded=00 latency=1
[PASS] encoded=2000 decoded=00 latency=1
[PASS] encoded=1000 decoded=00 latency=1
[PASS] encoded=0800 decoded=00 latency=1
[PASS] encoded=0400 decoded=00 latency=1
[PASS] encoded=0200 decoded=00 latency=1
[PASS] encoded=0100 decoded=00 latency=1
[PASS] encoded=0080 decoded=00 latency=1
[PASS] encoded=0040 decoded=00 latency=1
[PASS] encoded=0020 decoded=00 latency=1
[PASS] encoded=0010 decoded=00 latency=1
[PASS] encoded=0008 decoded=00 latency=1
[PASS] encoded=0004 decoded=00 latency=1
[PASS] encoded=0002 decoded=00 latency=1
[PASS] encoded=0001 decoded=00 latency=1
[PASS] encoded=803b decoded=04 latency=1
[PASS] encoded=403b decoded=04 latency=1
[PASS] encoded=203b decoded=04 latency=1
[PASS] encoded=103b decoded=04 latency=1
[PASS] encoded=083b decoded=04 latency=1
[PASS] encoded=043b decoded=04 latency=1
[PASS] encoded=023b decoded=04 latency=1
[PASS] encoded=013b decoded=04 latency=1
[PASS] encoded=00bb decoded=04 latency=1
[PASS] encoded=007b decoded=04 latency=1
[PASS] encoded=001b decoded=04 latency=1
[PASS] encoded=002b decoded=04 latency=1
[PASS] encoded=0033 decoded=04 latency=1
[PASS] encoded=003f decoded=04 latency=1
[PASS] encoded=0039 decoded=04 latency=1
[PASS] encoded=003a decoded=04 latency=1
[PASS] encoded=80ec decoded=08 latency=1
[PASS] encoded=40ec decoded=08 latency=1
[PASS] encoded=20ec decoded=08 latency=1
[PASS] encoded=10ec decoded=08 latency=1
[PASS] encoded=08ec decoded=08 latency=1
[PASS] encoded=04ec decoded=08 latency=1
[PASS] encoded=02ec decoded=08 latency=1
[PASS] encoded=01ec decoded=08 latency=1
[PASS] encoded=006c decoded=08 latency=1
[PASS] encoded=00ac decoded=08 latency=1
[PASS] encoded=00cc decoded=08 latency=1
[PASS] encoded=00fc decoded=08 latency=1
[PASS] encoded=00e4 decoded=08 latency=1
[PASS] encoded=00e8 decoded=08 latency=1
[PASS] encoded=00ee decoded=08 latency=1
[PASS] encoded=00ed decoded=08 latency=1
[PASS] encoded=80d7 decoded=0c latency=1
[PASS] encoded=40d7 decoded=0c latency=1
[PASS] encoded=20d7 decoded=0c latency=1
[PASS] encoded=10d7 decoded=0c latency=1
[PASS] encoded=08d7 decoded=0c latency=1
[PASS] encoded=04d7 decoded=0c latency=1
[PASS] encoded=02d7 decoded=0c latency=1
[PASS] encoded=01d7 decoded=0c latency=1
[PASS] encoded=0057 decoded=0c latency=1
[PASS] encoded=0097 decoded=0c latency=1
[PASS] encoded=00f7 decoded=0c latency=1
[PASS] encoded=00c7 decoded=0c latency=1
[PASS] encoded=00df decoded=0c latency=1
[PASS] encoded=00d3 decoded=0c latency=1
[PASS] encoded=00d5 decoded=0c latency=1
[PASS] encoded=00d6 decoded=0c latency=1
[PASS] encoded=83b0 decoded=10 latency=1
[PASS] encoded=43b0 decoded=10 latency=1
[PASS] encoded=23b0 decoded=10 latency=1
[PASS] encoded=13b0 decoded=10 latency=1
[PASS] encoded=0bb0 decoded=10 latency=1
[PASS] encoded=07b0 decoded=10 latency=1
[PASS] encoded=01b0 decoded=10 latency=1
[PASS] encoded=02b0 decoded=10 latency=1
[PASS] encoded=0330 decoded=10 latency=1
[PASS] encoded=03f0 decoded=10 latency=1
[PASS] encoded=0390 decoded=10 latency=1
[PASS] encoded=03a0 decoded=10 latency=1
[PASS] encoded=03b8 decoded=10 latency=1
[PASS] encoded=03b4 decoded=10 latency=1
[PASS] encoded=03b2 decoded=10 latency=1
[PASS] encoded=03b1 decoded=10 latency=1
[PASS] encoded=838b decoded=14 latency=1
[PASS] encoded=438b decoded=14 latency=1
[PASS] encoded=238b decoded=14 latency=1
[PASS] encoded=138b decoded=14 latency=1
[PASS] encoded=0b8b decoded=14 latency=1
[PASS] encoded=078b decoded=14 latency=1
[PASS] encoded=018b decoded=14 latency=1
[PASS] encoded=028b decoded=14 latency=1
[PASS] encoded=030b decoded=14 latency=1
[PASS] encoded=03cb decoded=14 latency=1
[PASS] encoded=03ab decoded=14 latency=1
[PASS] encoded=039b decoded=14 latency=1
[PASS] encoded=0383 decoded=14 latency=1
[PASS] encoded=038f decoded=14 latency=1
[PASS] encoded=0389 decoded=14 latency=1
[PASS] encoded=038a decoded=14 latency=1
[PASS] encoded=835c decoded=18 latency=1
[PASS] encoded=435c decoded=18 latency=1
[PASS] encoded=235c decoded=18 latency=1
[PASS] encoded=135c decoded=18 latency=1
[PASS] encoded=0b5c decoded=18 latency=1
[PASS] encoded=075c decoded=18 latency=1
[PASS] encoded=015c decoded=18 latency=1
[PASS] encoded=025c decoded=18 latency=1
[PASS] encoded=03dc decoded=18 latency=1
[PASS] encoded=031c decoded=18 latency=1
[PASS] encoded=037c decoded=18 latency=1
[PASS] encoded=034c decoded=18 latency=1
[PASS] encoded=0354 decoded=18 latency=1
[PASS] encoded=0358 decoded=18 latency=1
[PASS] encoded=035e decoded=18 latency=1
[PASS] encoded=035d decoded=18 latency=1
[PASS] encoded=8367 decoded=1c latency=1
[PASS] encoded=4367 decoded=1c latency=1
[PASS] encoded=2367 decoded=1c latency=1
[PASS] encoded=1367 decoded=1c latency=1
[PASS] encoded=0b67 decoded=1c latency=1
[PASS] encoded=0767 decoded=1c latency=1
[PASS] encoded=0167 decoded=1c latency=1
[PASS] encoded=0267 decoded=1c latency=1
[PASS] encoded=03e7 decoded=1c latency=1
[PASS] encoded=0327 decoded=1c latency=1
[PASS] encoded=0347 decoded=1c latency=1
[PASS] encoded=0377 decoded=1c latency=1
[PASS] encoded=036f decoded=1c latency=1
[PASS] encoded=0363 decoded=1c latency=1
[PASS] encoded=0365 decoded=1c latency=1
[PASS] encoded=0366 decoded=1c latency=1
[PASS] encoded=8ec0 decoded=20 latency=1
[PASS] encoded=4ec0 decoded=20 latency=1
[PASS] encoded=2ec0 decoded=20 latency=1
[PASS] encoded=1ec0 decoded=20 latency=1
[PASS] encoded=06c0 decoded=20 latency=1
[PASS] encoded=0ac0 decoded=20 latency=1
[PASS] encoded=0cc0 decoded=20 latency=1
[PASS] encoded=0fc0 decoded=20 latency=1
[PASS] encoded=0e40 decoded=20 latency=1
[PASS] encoded=0e80 decoded=20 latency=1
[PASS] encoded=0ee0 decoded=20 latency=1
[PASS] encoded=0ed0 decoded=20 latency=1
[PASS] encoded=0ec8 decoded=20 latency=1
[PASS] encoded=0ec4 decoded=20 latency=1
[PASS] encoded=0ec2 decoded=20 latency=1
[PASS] encoded=0ec1 decoded=20 latency=1
[PASS] encoded=8efb decoded=24 latency=1
[PASS] encoded=4efb decoded=24 latency=1
[PASS] encoded=2efb decoded=24 latency=1
[PASS] encoded=1efb decoded=24 latency=1
[PASS] encoded=06fb decoded=24 latency=1
[PASS] encoded=0afb decoded=24 latency=1
[PASS] encoded=0cfb decoded=24 latency=1
[PASS] encoded=0ffb decoded=24 latency=1
[PASS] encoded=0e7b decoded=24 latency=1
[PASS] encoded=0ebb decoded=24 latency=1
[PASS] encoded=0edb decoded=24 latency=1
[PASS] encoded=0eeb decoded=24 latency=1
[PASS] encoded=0ef3 decoded=24 latency=1
[PASS] encoded=0eff decoded=24 latency=1
[PASS] encoded=0ef9 decoded=24 latency=1
[PASS] encoded=0efa decoded=24 latency=1
[PASS] encoded=8e2c decoded=28 latency=1
[PASS] encoded=4e2c decoded=28 latency=1
[PASS] encoded=2e2c decoded=28 latency=1
[PASS] encoded=1e2c decoded=28 latency=1
[PASS] encoded=062c decoded=28 latency=1
[PASS] encoded=0a2c decoded=28 latency=1
[PASS] encoded=0c2c decoded=28 latency=1
[PASS] encoded=0f2c decoded=28 latency=1
[PASS] encoded=0eac decoded=28 latency=1
[PASS] encoded=0e6c decoded=28 latency=1
[PASS] encoded=0e0c decoded=28 latency=1
[PASS] encoded=0e3c decoded=28 latency=1
[PASS] encoded=0e24 decoded=28 latency=1
[PASS] encoded=0e28 decoded=28 latency=1
[PASS] encoded=0e2e decoded=28 latency=1
[PASS] encoded=0e2d decoded=28 latency=1
[PASS] encoded=8e17 decoded=2c latency=1
[PASS] encoded=4e17 decoded=2c latency=1
[PASS] encoded=2e17 decoded=2c latency=1
[PASS] encoded=1e17 decoded=2c latency=1
[PASS] encoded=0617 decoded=2c latency=1
[PASS] encoded=0a17 decoded=2c latency=1
[PASS] encoded=0c17 decoded=2c latency=1
[PASS] encoded=0f17 decoded=2c latency=1
[PASS] encoded=0e97 decoded=2c latency=1
[PASS] encoded=0e57 decoded=2c latency=1
[PASS] encoded=0e37 decoded=2c latency=1
[PASS] encoded=0e07 decoded=2c latency=1
[PASS] encoded=0e1f decoded=2c latency=1
[PASS] encoded=0e13 decoded=2c latency=1
[PASS] encoded=0e15 decoded=2c latency=1
[PASS] encoded=0e16 decoded=2c latency=1
[PASS] encoded=8d70 decoded=30 latency=1
[PASS] encoded=4d70 decoded=30 latency=1
[PASS] encoded=2d70 decoded=30 latency=1
[PASS] encoded=1d70 decoded=30 latency=1
[PASS] encoded=0570 decoded=30 latency=1
[PASS] encoded=0970 decoded=30 latency=1
[PASS] encoded=0f70 decoded=30 latency=1
[PASS] encoded=0c70 decoded=30 latency=1
[PASS] encoded=0df0 decoded=30 latency=1
[PASS] encoded=0d30 decoded=30 latency=1
[PASS] encoded=0d50 decoded=30 latency=1
[PASS] encoded=0d60 decoded=30 latency=1
[PASS] encoded=0d78 decoded=30 latency=1
[PASS] encoded=0d74 decoded=30 latency=1
[PASS] encoded=0d72 decoded=30 latency=1
[PASS] encoded=0d71 decoded=30 latency=1
[PASS] encoded=8d4b decoded=34 latency=1
[PASS] encoded=4d4b decoded=34 latency=1
[PASS] encoded=2d4b decoded=34 latency=1
[PASS] encoded=1d4b decoded=34 latency=1
[PASS] encoded=054b decoded=34 latency=1
[PASS] encoded=094b decoded=34 latency=1
[PASS] encoded=0f4b decoded=34 latency=1
[PASS] encoded=0c4b decoded=34 latency=1
[PASS] encoded=0dcb decoded=34 latency=1
[PASS] encoded=0d0b decoded=34 latency=1
[PASS] encoded=0d6b decoded=34 latency=1
[PASS] encoded=0d5b decoded=34 latency=1
[PASS] encoded=0d43 decoded=34 latency=1
[PASS] encoded=0d4f decoded=34 latency=1
[PASS] encoded=0d49 decoded=34 latency=1
[PASS] encoded=0d4a decoded=34 latency=1
[PASS] encoded=8d9c decoded=38 latency=1
[PASS] encoded=4d9c decoded=38 latency=1
[PASS] encoded=2d9c decoded=38 latency=1
[PASS] encoded=1d9c decoded=38 latency=1
[PASS] encoded=059c decoded=38 latency=1
[PASS] encoded=099c decoded=38 latency=1
[PASS] encoded=0f9c decoded=38 latency=1
[PASS] encoded=0c9c decoded=38 latency=1
[PASS] encoded=0d1c decoded=38 latency=1
[PASS] encoded=0ddc decoded=38 latency=1
[PASS] encoded=0dbc decoded=38 latency=1
[PASS] encoded=0d8c decoded=38 latency=1
[PASS] encoded=0d94 decoded=38 latency=1
[PASS] encoded=0d98 decoded=38 latency=1
[PASS] encoded=0d9e decoded=38 latency=1
[PASS] encoded=0d9d decoded=38 latency=1
[PASS] encoded=8da7 decoded=3c latency=1
[PASS] encoded=4da7 decoded=3c latency=1
[PASS] encoded=2da7 decoded=3c latency=1
[PASS] encoded=1da7 decoded=3c latency=1
[PASS] encoded=05a7 decoded=3c latency=1
[PASS] encoded=09a7 decoded=3c latency=1
[PASS] encoded=0fa7 decoded=3c latency=1
[PASS] encoded=0ca7 decoded=3c latency=1
[PASS] encoded=0d27 decoded=3c latency=1
[PASS] encoded=0de7 decoded=3c latency=1
[PASS] encoded=0d87 decoded=3c latency=1
[PASS] encoded=0db7 decoded=3c latency=1
[PASS] encoded=0daf decoded=3c latency=1
[PASS] encoded=0da3 decoded=3c latency=1
[PASS] encoded=0da5 decoded=3c latency=1
[PASS] encoded=0da6 decoded=3c latency=1
[PASS] encoded=bb00 decoded=40 latency=1
[PASS] encoded=7b00 decoded=40 latency=1
[PASS] encoded=1b00 decoded=40 latency=1
[PASS] encoded=2b00 decoded=40 latency=1
[PASS] encoded=3300 decoded=40 latency=1
[PASS] encoded=3f00 decoded=40 latency=1
[PASS] encoded=3900 decoded=40 latency=1
[PASS] encoded=3a00 decoded=40 latency=1
[PASS] encoded=3b80 decoded=40 latency=1
[PASS] encoded=3b40 decoded=40 latency=1
[PASS] encoded=3b20 decoded=40 latency=1
[PASS] encoded=3b10 decoded=40 latency=1
[PASS] encoded=3b08 decoded=40 latency=1
[PASS] encoded=3b04 decoded=40 latency=1
[PASS] encoded=3b02 decoded=40 latency=1
[PASS] encoded=3b01 decoded=40 latency=1
[PASS] encoded=bb3b decoded=44 latency=1
[PASS] encoded=7b3b decoded=44 latency=1
[PASS] encoded=1b3b decoded=44 latency=1
[PASS] encoded=2b3b decoded=44 latency=1
[PASS] encoded=333b decoded=44 latency=1
[PASS] encoded=3f3b decoded=44 latency=1
[PASS] encoded=393b decoded=44 latency=1
[PASS] encoded=3a3b decoded=44 latency=1
[PASS] encoded=3bbb decoded=44 latency=1
[PASS] encoded=3b7b decoded=44 latency=1
[PASS] encoded=3b1b decoded=44 latency=1
[PASS] encoded=3b2b decoded=44 latency=1
[PASS] encoded=3b33 decoded=44 latency=1
[PASS] encoded=3b3f decoded=44 latency=1
[PASS] encoded=3b39 decoded=44 latency=1
[PASS] encoded=3b3a decoded=44 latency=1
[PASS] encoded=bbec decoded=48 latency=1
[PASS] encoded=7bec decoded=48 latency=1
[PASS] encoded=1bec decoded=48 latency=1
[PASS] encoded=2bec decoded=48 latency=1
[PASS] encoded=33ec decoded=48 latency=1
[PASS] encoded=3fec decoded=48 latency=1
[PASS] encoded=39ec decoded=48 latency=1
[PASS] encoded=3aec decoded=48 latency=1
[PASS] encoded=3b6c decoded=48 latency=1
[PASS] encoded=3bac decoded=48 latency=1
[PASS] encoded=3bcc decoded=48 latency=1
[PASS] encoded=3bfc decoded=48 latency=1
[PASS] encoded=3be4 decoded=48 latency=1
[PASS] encoded=3be8 decoded=48 latency=1
[PASS] encoded=3bee decoded=48 latency=1
[PASS] encoded=3bed decoded=48 latency=1
[PASS] encoded=bbd7 decoded=4c latency=1
[PASS] encoded=7bd7 decoded=4c latency=1
[PASS] encoded=1bd7 decoded=4c latency=1
[PASS] encoded=2bd7 decoded=4c latency=1
[PASS] encoded=33d7 decoded=4c latency=1
[PASS] encoded=3fd7 decoded=4c latency=1
[PASS] encoded=39d7 decoded=4c latency=1
[PASS] encoded=3ad7 decoded=4c latency=1
[PASS] encoded=3b57 decoded=4c latency=1
[PASS] encoded=3b97 decoded=4c latency=1
[PASS] encoded=3bf7 decoded=4c latency=1
[PASS] encoded=3bc7 decoded=4c latency=1
[PASS] encoded=3bdf decoded=4c latency=1
[PASS] encoded=3bd3 decoded=4c latency=1
[PASS] encoded=3bd5 decoded=4c latency=1
[PASS] encoded=3bd6 decoded=4c latency=1
[PASS] encoded=b8b0 decoded=50 latency=1
[PASS] encoded=78b0 decoded=50 latency=1
[PASS] encoded=18b0 decoded=50 latency=1
[PASS] encoded=28b0 decoded=50 latency=1
[PASS] encoded=30b0 decoded=50 latency=1
[PASS] encoded=3cb0 decoded=50 latency=1
[PASS] encoded=3ab0 decoded=50 latency=1
[PASS] encoded=39b0 decoded=50 latency=1
[PASS] encoded=3830 decoded=50 latency=1
[PASS] encoded=38f0 decoded=50 latency=1
[PASS] encoded=3890 decoded=50 latency=1
[PASS] encoded=38a0 decoded=50 latency=1
[PASS] encoded=38b8 decoded=50 latency=1
[PASS] encoded=38b4 decoded=50 latency=1
[PASS] encoded=38b2 decoded=50 latency=1
[PASS] encoded=38b1 decoded=50 latency=1
[PASS] encoded=b88b decoded=54 latency=1
[PASS] encoded=788b decoded=54 latency=1
[PASS] encoded=188b decoded=54 latency=1
[PASS] encoded=288b decoded=54 latency=1
[PASS] encoded=308b decoded=54 latency=1
[PASS] encoded=3c8b decoded=54 latency=1
[PASS] encoded=3a8b decoded=54 latency=1
[PASS] encoded=398b decoded=54 latency=1
[PASS] encoded=380b decoded=54 latency=1
[PASS] encoded=38cb decoded=54 latency=1
[PASS] encoded=38ab decoded=54 latency=1
[PASS] encoded=389b decoded=54 latency=1
[PASS] encoded=3883 decoded=54 latency=1
[PASS] encoded=388f decoded=54 latency=1
[PASS] encoded=3889 decoded=54 latency=1
[PASS] encoded=388a decoded=54 latency=1
[PASS] encoded=b85c decoded=58 latency=1
[PASS] encoded=785c decoded=58 latency=1
[PASS] encoded=185c decoded=58 latency=1
[PASS] encoded=285c decoded=58 latency=1
[PASS] encoded=305c decoded=58 latency=1
[PASS] encoded=3c5c decoded=58 latency=1
[PASS] encoded=3a5c decoded=58 latency=1
[PASS] encoded=395c decoded=58 latency=1
[PASS] encoded=38dc decoded=58 latency=1
[PASS] encoded=381c decoded=58 latency=1
[PASS] encoded=387c decoded=58 latency=1
[PASS] encoded=384c decoded=58 latency=1
[PASS] encoded=3854 decoded=58 latency=1
[PASS] encoded=3858 decoded=58 latency=1
[PASS] encoded=385e decoded=58 latency=1
[PASS] encoded=385d decoded=58 latency=1
[PASS] encoded=b867 decoded=5c latency=1
[PASS] encoded=7867 decoded=5c latency=1
[PASS] encoded=1867 decoded=5c latency=1
[PASS] encoded=2867 decoded=5c latency=1
[PASS] encoded=3067 decoded=5c latency=1
[PASS] encoded=3c67 decoded=5c latency=1
[PASS] encoded=3a67 decoded=5c latency=1
[PASS] encoded=3967 decoded=5c latency=1
[PASS] encoded=38e7 decoded=5c latency=1
[PASS] encoded=3827 decoded=5c latency=1
[PASS] encoded=3847 decoded=5c latency=1
[PASS] encoded=3877 decoded=5c latency=1
[PASS] encoded=386f decoded=5c latency=1
[PASS] encoded=3863 decoded=5c latency=1
[PASS] encoded=3865 decoded=5c latency=1
[PASS] encoded=3866 decoded=5c latency=1
[PASS] encoded=b5c0 decoded=60 latency=1
[PASS] encoded=75c0 decoded=60 latency=1
[PASS] encoded=15c0 decoded=60 latency=1
[PASS] encoded=25c0 decoded=60 latency=1
[PASS] encoded=3dc0 decoded=60 latency=1
[PASS] encoded=31c0 decoded=60 latency=1
[PASS] encoded=37c0 decoded=60 latency=1
[PASS] encoded=34c0 decoded=60 latency=1
[PASS] encoded=3540 decoded=60 latency=1
[PASS] encoded=3580 decoded=60 latency=1
[PASS] encoded=35e0 decoded=60 latency=1
[PASS] encoded=35d0 decoded=60 latency=1
[PASS] encoded=35c8 decoded=60 latency=1
[PASS] encoded=35c4 decoded=60 latency=1
[PASS] encoded=35c2 decoded=60 latency=1
[PASS] encoded=35c1 decoded=60 latency=1
[PASS] encoded=b5fb decoded=64 latency=1
[PASS] encoded=75fb decoded=64 latency=1
[PASS] encoded=15fb decoded=64 latency=1
[PASS] encoded=25fb decoded=64 latency=1
[PASS] encoded=3dfb decoded=64 latency=1
[PASS] encoded=31fb decoded=64 latency=1
[PASS] encoded=37fb decoded=64 latency=1
[PASS] encoded=34fb decoded=64 latency=1
[PASS] encoded=357b decoded=64 latency=1
[PASS] encoded=35bb decoded=64 latency=1
[PASS] encoded=35db decoded=64 latency=1
[PASS] encoded=35eb decoded=64 latency=1
[PASS] encoded=35f3 decoded=64 latency=1
[PASS] encoded=35ff decoded=64 latency=1
[PASS] encoded=35f9 decoded=64 latency=1
[PASS] encoded=35fa decoded=64 latency=1
[PASS] encoded=b52c decoded=68 latency=1
[PASS] encoded=752c decoded=68 latency=1
[PASS] encoded=152c decoded=68 latency=1
[PASS] encoded=252c decoded=68 latency=1
[PASS] encoded=3d2c decoded=68 latency=1
[PASS] encoded=312c decoded=68 latency=1
[PASS] encoded=372c decoded=68 latency=1
[PASS] encoded=342c decoded=68 latency=1
[PASS] encoded=35ac decoded=68 latency=1
[PASS] encoded=356c decoded=68 latency=1
[PASS] encoded=350c decoded=68 latency=1
[PASS] encoded=353c decoded=68 latency=1
[PASS] encoded=3524 decoded=68 latency=1
[PASS] encoded=3528 decoded=68 latency=1
[PASS] encoded=352e decoded=68 latency=1
[PASS] encoded=352d decoded=68 latency=1
[PASS] encoded=b517 decoded=6c latency=1
[PASS] encoded=7517 decoded=6c latency=1
[PASS] encoded=1517 decoded=6c latency=1
[PASS] encoded=2517 decoded=6c latency=1
[PASS] encoded=3d17 decoded=6c latency=1
[PASS] encoded=3117 decoded=6c latency=1
[PASS] encoded=3717 decoded=6c latency=1
[PASS] encoded=3417 decoded=6c latency=1
[PASS] encoded=3597 decoded=6c latency=1
[PASS] encoded=3557 decoded=6c latency=1
[PASS] encoded=3537 decoded=6c latency=1
[PASS] encoded=3507 decoded=6c latency=1
[PASS] encoded=351f decoded=6c latency=1
[PASS] encoded=3513 decoded=6c latency=1
[PASS] encoded=3515 decoded=6c latency=1
[PASS] encoded=3516 decoded=6c latency=1
[PASS] encoded=b670 decoded=70 latency=1
[PASS] encoded=7670 decoded=70 latency=1
[PASS] encoded=1670 decoded=70 latency=1
[PASS] encoded=2670 decoded=70 latency=1
[PASS] encoded=3e70 decoded=70 latency=1
[PASS] encoded=3270 decoded=70 latency=1
[PASS] encoded=3470 decoded=70 latency=1
[PASS] encoded=3770 decoded=70 latency=1
[PASS] encoded=36f0 decoded=70 latency=1
[PASS] encoded=3630 decoded=70 latency=1
[PASS] encoded=3650 decoded=70 latency=1
[PASS] encoded=3660 decoded=70 latency=1
[PASS] encoded=3678 decoded=70 latency=1
[PASS] encoded=3674 decoded=70 latency=1
[PASS] encoded=3672 decoded=70 latency=1
[PASS] encoded=3671 decoded=70 latency=1
[PASS] encoded=b64b decoded=74 latency=1
[PASS] encoded=764b decoded=74 latency=1
[PASS] encoded=164b decoded=74 latency=1
[PASS] encoded=264b decoded=74 latency=1
[PASS] encoded=3e4b decoded=74 latency=1
[PASS] encoded=324b decoded=74 latency=1
[PASS] encoded=344b decoded=74 latency=1
[PASS] encoded=374b decoded=74 latency=1
[PASS] encoded=36cb decoded=74 latency=1
[PASS] encoded=360b decoded=74 latency=1
[PASS] encoded=366b decoded=74 latency=1
[PASS] encoded=365b decoded=74 latency=1
[PASS] encoded=3643 decoded=74 latency=1
[PASS] encoded=364f decoded=74 latency=1
[PASS] encoded=3649 decoded=74 latency=1
[PASS] encoded=364a decoded=74 latency=1
[PASS] encoded=b69c decoded=78 latency=1
[PASS] encoded=769c decoded=78 latency=1
[PASS] encoded=169c decoded=78 latency=1
[PASS] encoded=269c decoded=78 latency=1
[PASS] encoded=3e9c decoded=78 latency=1
[PASS] encoded=329c decoded=78 latency=1
[PASS] encoded=349c decoded=78 latency=1
[PASS] encoded=379c decoded=78 latency=1
[PASS] encoded=361c decoded=78 latency=1
[PASS] encoded=36dc decoded=78 latency=1
[PASS] encoded=36bc decoded=78 latency=1
[PASS] encoded=368c decoded=78 latency=1
[PASS] encoded=3694 decoded=78 latency=1
[PASS] encoded=3698 decoded=78 latency=1
[PASS] encoded=369e decoded=78 latency=1
[PASS] encoded=369d decoded=78 latency=1
[PASS] encoded=b6a7 decoded=7c latency=1
[PASS] encoded=76a7 decoded=7c latency=1
[PASS] encoded=16a7 decoded=7c latency=1
[PASS] encoded=26a7 decoded=7c latency=1
[PASS] encoded=3ea7 decoded=7c latency=1
[PASS] encoded=32a7 decoded=7c latency=1
[PASS] encoded=34a7 decoded=7c latency=1
[PASS] encoded=37a7 decoded=7c latency=1
[PASS] encoded=3627 decoded=7c latency=1
[PASS] encoded=36e7 decoded=7c latency=1
[PASS] encoded=3687 decoded=7c latency=1
[PASS] encoded=36b7 decoded=7c latency=1
[PASS] encoded=36af decoded=7c latency=1
[PASS] encoded=36a3 decoded=7c latency=1
[PASS] encoded=36a5 decoded=7c latency=1
[PASS] encoded=36a6 decoded=7c latency=1
[PASS] encoded=6c00 decoded=80 latency=1
[PASS] encoded=ac00 decoded=80 latency=1
[PASS] encoded=cc00 decoded=80 latency=1
[PASS] encoded=fc00 decoded=80 latency=1
[PASS] encoded=e400 decoded=80 latency=1
[PASS] encoded=e800 decoded=80 latency=1
[PASS] encoded=ee00 decoded=80 latency=1
[PASS] encoded=ed00 decoded=80 latency=1
[PASS] encoded=ec80 decoded=80 latency=1
[PASS] encoded=ec40 decoded=80 latency=1
[PASS] encoded=ec20 decoded=80 latency=1
[PASS] encoded=ec10 decoded=80 latency=1
[PASS] encoded=ec08 decoded=80 latency=1
[PASS] encoded=ec04 decoded=80 latency=1
[PASS] encoded=ec02 decoded=80 latency=1
[PASS] encoded=ec01 decoded=80 latency=1
[PASS] encoded=6c3b decoded=84 latency=1
[PASS] encoded=ac3b decoded=84 latency=1
[PASS] encoded=cc3b decoded=84 latency=1
[PASS] encoded=fc3b decoded=84 latency=1
[PASS] encoded=e43b decoded=84 latency=1
[PASS] encoded=e83b decoded=84 latency=1
[PASS] encoded=ee3b decoded=84 latency=1
[PASS] encoded=ed3b decoded=84 latency=1
[PASS] encoded=ecbb decoded=84 latency=1
[PASS] encoded=ec7b decoded=84 latency=1
[PASS] encoded=ec1b decoded=84 latency=1
[PASS] encoded=ec2b decoded=84 latency=1
[PASS] encoded=ec33 decoded=84 latency=1
[PASS] encoded=ec3f decoded=84 latency=1
[PASS] encoded=ec39 decoded=84 latency=1
[PASS] encoded=ec3a decoded=84 latency=1
[PASS] encoded=6cec decoded=88 latency=1
[PASS] encoded=acec decoded=88 latency=1
[PASS] encoded=ccec decoded=88 latency=1
[PASS] encoded=fcec decoded=88 latency=1
[PASS] encoded=e4ec decoded=88 latency=1
[PASS] encoded=e8ec decoded=88 latency=1
[PASS] encoded=eeec decoded=88 latency=1
[PASS] encoded=edec decoded=88 latency=1
[PASS] encoded=ec6c decoded=88 latency=1
[PASS] encoded=ecac decoded=88 latency=1
[PASS] encoded=eccc decoded=88 latency=1
[PASS] encoded=ecfc decoded=88 latency=1
[PASS] encoded=ece4 decoded=88 latency=1
[PASS] encoded=ece8 decoded=88 latency=1
[PASS] encoded=ecee decoded=88 latency=1
[PASS] encoded=eced decoded=88 latency=1
[PASS] encoded=6cd7 decoded=8c latency=1
[PASS] encoded=acd7 decoded=8c latency=1
[PASS] encoded=ccd7 decoded=8c latency=1
[PASS] encoded=fcd7 decoded=8c latency=1
[PASS] encoded=e4d7 decoded=8c latency=1
[PASS] encoded=e8d7 decoded=8c latency=1
[PASS] encoded=eed7 decoded=8c latency=1
[PASS] encoded=edd7 decoded=8c latency=1
[PASS] encoded=ec57 decoded=8c latency=1
[PASS] encoded=ec97 decoded=8c latency=1
[PASS] encoded=ecf7 decoded=8c latency=1
[PASS] encoded=ecc7 decoded=8c latency=1
[PASS] encoded=ecdf decoded=8c latency=1
[PASS] encoded=ecd3 decoded=8c latency=1
[PASS] encoded=ecd5 decoded=8c latency=1
[PASS] encoded=ecd6 decoded=8c latency=1
[PASS] encoded=6fb0 decoded=90 latency=1
[PASS] encoded=afb0 decoded=90 latency=1
[PASS] encoded=cfb0 decoded=90 latency=1
[PASS] encoded=ffb0 decoded=90 latency=1
[PASS] encoded=e7b0 decoded=90 latency=1
[PASS] encoded=ebb0 decoded=90 latency=1
[PASS] encoded=edb0 decoded=90 latency=1
[PASS] encoded=eeb0 decoded=90 latency=1
[PASS] encoded=ef30 decoded=90 latency=1
[PASS] encoded=eff0 decoded=90 latency=1
[PASS] encoded=ef90 decoded=90 latency=1
[PASS] encoded=efa0 decoded=90 latency=1
[PASS] encoded=efb8 decoded=90 latency=1
[PASS] encoded=efb4 decoded=90 latency=1
[PASS] encoded=efb2 decoded=90 latency=1
[PASS] encoded=efb1 decoded=90 latency=1
[PASS] encoded=6f8b decoded=94 latency=1
[PASS] encoded=af8b decoded=94 latency=1
[PASS] encoded=cf8b decoded=94 latency=1
[PASS] encoded=ff8b decoded=94 latency=1
[PASS] encoded=e78b decoded=94 latency=1
[PASS] encoded=eb8b decoded=94 latency=1
[PASS] encoded=ed8b decoded=94 latency=1
[PASS] encoded=ee8b decoded=94 latency=1
[PASS] encoded=ef0b decoded=94 latency=1
[PASS] encoded=efcb decoded=94 latency=1
[PASS] encoded=efab decoded=94 latency=1
[PASS] encoded=ef9b decoded=94 latency=1
[PASS] encoded=ef83 decoded=94 latency=1
[PASS] encoded=ef8f decoded=94 latency=1
[PASS] encoded=ef89 decoded=94 latency=1
[PASS] encoded=ef8a decoded=94 latency=1
[PASS] encoded=6f5c decoded=98 latency=1
[PASS] encoded=af5c decoded=98 latency=1
[PASS] encoded=cf5c decoded=98 latency=1
[PASS] encoded=ff5c decoded=98 latency=1
[PASS] encoded=e75c decoded=98 latency=1
[PASS] encoded=eb5c decoded=98 latency=1
[PASS] encoded=ed5c decoded=98 latency=1
[PASS] encoded=ee5c decoded=98 latency=1
[PASS] encoded=efdc decoded=98 latency=1
[PASS] encoded=ef1c decoded=98 latency=1
[PASS] encoded=ef7c decoded=98 latency=1
[PASS] encoded=ef4c decoded=98 latency=1
[PASS] encoded=ef54 decoded=98 latency=1
[PASS] encoded=ef58 decoded=98 latency=1
[PASS] encoded=ef5e decoded=98 latency=1
[PASS] encoded=ef5d decoded=98 latency=1
[PASS] encoded=6f67 decoded=9c latency=1
[PASS] encoded=af67 decoded=9c latency=1
[PASS] encoded=cf67 decoded=9c latency=1
[PASS] encoded=ff67 decoded=9c latency=1
[PASS] encoded=e767 decoded=9c latency=1
[PASS] encoded=eb67 decoded=9c latency=1
[PASS] encoded=ed67 decoded=9c latency=1
[PASS] encoded=ee67 decoded=9c latency=1
[PASS] encoded=efe7 decoded=9c latency=1
[PASS] encoded=ef27 decoded=9c latency=1
[PASS] encoded=ef47 decoded=9c latency=1
[PASS] encoded=ef77 decoded=9c latency=1
[PASS] encoded=ef6f decoded=9c latency=1
[PASS] encoded=ef63 decoded=9c latency=1
[PASS] encoded=ef65 decoded=9c latency=1
[PASS] encoded=ef66 decoded=9c latency=1
[PASS] encoded=62c0 decoded=a0 latency=1
[PASS] encoded=a2c0 decoded=a0 latency=1
[PASS] encoded=c2c0 decoded=a0 latency=1
[PASS] encoded=f2c0 decoded=a0 latency=1
[PASS] encoded=eac0 decoded=a0 latency=1
[PASS] encoded=e6c0 decoded=a0 latency=1
[PASS] encoded=e0c0 decoded=a0 latency=1
[PASS] encoded=e3c0 decoded=a0 latency=1
[PASS] encoded=e240 decoded=a0 latency=1
[PASS] encoded=e280 decoded=a0 latency=1
[PASS] encoded=e2e0 decoded=a0 latency=1
[PASS] encoded=e2d0 decoded=a0 latency=1
[PASS] encoded=e2c8 decoded=a0 latency=1
[PASS] encoded=e2c4 decoded=a0 latency=1
[PASS] encoded=e2c2 decoded=a0 latency=1
[PASS] encoded=e2c1 decoded=a0 latency=1
[PASS] encoded=62fb decoded=a4 latency=1
[PASS] encoded=a2fb decoded=a4 latency=1
[PASS] encoded=c2fb decoded=a4 latency=1
[PASS] encoded=f2fb decoded=a4 latency=1
[PASS] encoded=eafb decoded=a4 latency=1
[PASS] encoded=e6fb decoded=a4 latency=1
[PASS] encoded=e0fb decoded=a4 latency=1
[PASS] encoded=e3fb decoded=a4 latency=1
[PASS] encoded=e27b decoded=a4 latency=1
[PASS] encoded=e2bb decoded=a4 latency=1
[PASS] encoded=e2db decoded=a4 latency=1
[PASS] encoded=e2eb decoded=a4 latency=1
[PASS] encoded=e2f3 decoded=a4 latency=1
[PASS] encoded=e2ff decoded=a4 latency=1
[PASS] encoded=e2f9 decoded=a4 latency=1
[PASS] encoded=e2fa decoded=a4 latency=1
[PASS] encoded=622c decoded=a8 latency=1
[PASS] encoded=a22c decoded=a8 latency=1
[PASS] encoded=c22c decoded=a8 latency=1
[PASS] encoded=f22c decoded=a8 latency=1
[PASS] encoded=ea2c decoded=a8 latency=1
[PASS] encoded=e62c decoded=a8 latency=1
[PASS] encoded=e02c decoded=a8 latency=1
[PASS] encoded=e32c decoded=a8 latency=1
[PASS] encoded=e2ac decoded=a8 latency=1
[PASS] encoded=e26c decoded=a8 latency=1
[PASS] encoded=e20c decoded=a8 latency=1
[PASS] encoded=e23c decoded=a8 latency=1
[PASS] encoded=e224 decoded=a8 latency=1
[PASS] encoded=e228 decoded=a8 latency=1
[PASS] encoded=e22e decoded=a8 latency=1
[PASS] encoded=e22d decoded=a8 latency=1
[PASS] encoded=6217 decoded=ac latency=1
[PASS] encoded=a217 decoded=ac latency=1
[PASS] encoded=c217 decoded=ac latency=1
[PASS] encoded=f217 decoded=ac latency=1
[PASS] encoded=ea17 decoded=ac latency=1
[PASS] encoded=e617 decoded=ac latency=1
[PASS] encoded=e017 decoded=ac latency=1
[PASS] encoded=e317 decoded=ac latency=1
[PASS] encoded=e297 decoded=ac latency=1
[PASS] encoded=e257 decoded=ac latency=1
[PASS] encoded=e237 decoded=ac latency=1
[PASS] encoded=e207 decoded=ac latency=1
[PASS] encoded=e21f decoded=ac latency=1
[PASS] encoded=e213 decoded=ac latency=1
[PASS] encoded=e215 decoded=ac latency=1
[PASS] encoded=e216 decoded=ac latency=1
[PASS] encoded=6170 decoded=b0 latency=1
[PASS] encoded=a170 decoded=b0 latency=1
[PASS] encoded=c170 decoded=b0 latency=1
[PASS] encoded=f170 decoded=b0 latency=1
[PASS] encoded=e970 decoded=b0 latency=1
[PASS] encoded=e570 decoded=b0 latency=1
[PASS] encoded=e370 decoded=b0 latency=1
[PASS] encoded=e070 decoded=b0 latency=1
[PASS] encoded=e1f0 decoded=b0 latency=1
[PASS] encoded=e130 decoded=b0 latency=1
[PASS] encoded=e150 decoded=b0 latency=1
[PASS] encoded=e160 decoded=b0 latency=1
[PASS] encoded=e178 decoded=b0 latency=1
[PASS] encoded=e174 decoded=b0 latency=1
[PASS] encoded=e172 decoded=b0 latency=1
[PASS] encoded=e171 decoded=b0 latency=1
[PASS] encoded=614b decoded=b4 latency=1
[PASS] encoded=a14b decoded=b4 latency=1
[PASS] encoded=c14b decoded=b4 latency=1
[PASS] encoded=f14b decoded=b4 latency=1
[PASS] encoded=e94b decoded=b4 latency=1
[PASS] encoded=e54b decoded=b4 latency=1
[PASS] encoded=e34b decoded=b4 latency=1
[PASS] encoded=e04b decoded=b4 latency=1
[PASS] encoded=e1cb decoded=b4 latency=1
[PASS] encoded=e10b decoded=b4 latency=1
[PASS] encoded=e16b decoded=b4 latency=1
[PASS] encoded=e15b decoded=b4 latency=1
[PASS] encoded=e143 decoded=b4 latency=1
[PASS] encoded=e14f decoded=b4 latency=1
[PASS] encoded=e149 decoded=b4 latency=1
[PASS] encoded=e14a decoded=b4 latency=1
[PASS] encoded=619c decoded=b8 latency=1
[PASS] encoded=a19c decoded=b8 latency=1
[PASS] encoded=c19c decoded=b8 latency=1
[PASS] encoded=f19c decoded=b8 latency=1
[PASS] encoded=e99c decoded=b8 latency=1
[PASS] encoded=e59c decoded=b8 latency=1
[PASS] encoded=e39c decoded=b8 latency=1
[PASS] encoded=e09c decoded=b8 latency=1
[PASS] encoded=e11c decoded=b8 latency=1
[PASS] encoded=e1dc decoded=b8 latency=1
[PASS] encoded=e1bc decoded=b8 latency=1
[PASS] encoded=e18c decoded=b8 latency=1
[PASS] encoded=e194 decoded=b8 latency=1
[PASS] encoded=e198 decoded=b8 latency=1
[PASS] encoded=e19e decoded=b8 latency=1
[PASS] encoded=e19d decoded=b8 latency=1
[PASS] encoded=61a7 decoded=bc latency=1
[PASS] encoded=a1a7 decoded=bc latency=1
[PASS] encoded=c1a7 decoded=bc latency=1
[PASS] encoded=f1a7 decoded=bc latency=1
[PASS] encoded=e9a7 decoded=bc latency=1
[PASS] encoded=e5a7 decoded=bc latency=1
[PASS] encoded=e3a7 decoded=bc latency=1
[PASS] encoded=e0a7 decoded=bc latency=1
[PASS] encoded=e127 decoded=bc latency=1
[PASS] encoded=e1e7 decoded=bc latency=1
[PASS] encoded=e187 decoded=bc latency=1
[PASS] encoded=e1b7 decoded=bc latency=1
[PASS] encoded=e1af decoded=bc latency=1
[PASS] encoded=e1a3 decoded=bc latency=1
[PASS] encoded=e1a5 decoded=bc latency=1
[PASS] encoded=e1a6 decoded=bc latency=1
[PASS] encoded=5700 decoded=c0 latency=1
[PASS] encoded=9700 decoded=c0 latency=1
[PASS] encoded=f700 decoded=c0 latency=1
[PASS] encoded=c700 decoded=c0 latency=1
[PASS] encoded=df00 decoded=c0 latency=1
[PASS] encoded=d300 decoded=c0 latency=1
[PASS] encoded=d500 decoded=c0 latency=1
[PASS] encoded=d600 decoded=c0 latency=1
[PASS] encoded=d780 decoded=c0 latency=1
[PASS] encoded=d740 decoded=c0 latency=1
[PASS] encoded=d720 decoded=c0 latency=1
[PASS] encoded=d710 decoded=c0 latency=1
[PASS] encoded=d708 decoded=c0 latency=1
[PASS] encoded=d704 decoded=c0 latency=1
[PASS] encoded=d702 decoded=c0 latency=1
[PASS] encoded=d701 decoded=c0 latency=1
[PASS] encoded=573b decoded=c4 latency=1
[PASS] encoded=973b decoded=c4 latency=1
[PASS] encoded=f73b decoded=c4 latency=1
[PASS] encoded=c73b decoded=c4 latency=1
[PASS] encoded=df3b decoded=c4 latency=1
[PASS] encoded=d33b decoded=c4 latency=1
[PASS] encoded=d53b decoded=c4 latency=1
[PASS] encoded=d63b decoded=c4 latency=1
[PASS] encoded=d7bb decoded=c4 latency=1
[PASS] encoded=d77b decoded=c4 latency=1
[PASS] encoded=d71b decoded=c4 latency=1
[PASS] encoded=d72b decoded=c4 latency=1
[PASS] encoded=d733 decoded=c4 latency=1
[PASS] encoded=d73f decoded=c4 latency=1
[PASS] encoded=d739 decoded=c4 latency=1
[PASS] encoded=d73a decoded=c4 latency=1
[PASS] encoded=57ec decoded=c8 latency=1
[PASS] encoded=97ec decoded=c8 latency=1
[PASS] encoded=f7ec decoded=c8 latency=1
[PASS] encoded=c7ec decoded=c8 latency=1
[PASS] encoded=dfec decoded=c8 latency=1
[PASS] encoded=d3ec decoded=c8 latency=1
[PASS] encoded=d5ec decoded=c8 latency=1
[PASS] encoded=d6ec decoded=c8 latency=1
[PASS] encoded=d76c decoded=c8 latency=1
[PASS] encoded=d7ac decoded=c8 latency=1
[PASS] encoded=d7cc decoded=c8 latency=1
[PASS] encoded=d7fc decoded=c8 latency=1
[PASS] encoded=d7e4 decoded=c8 latency=1
[PASS] encoded=d7e8 decoded=c8 latency=1
[PASS] encoded=d7ee decoded=c8 latency=1
[PASS] encoded=d7ed decoded=c8 latency=1
[PASS] encoded=57d7 decoded=cc latency=1
[PASS] encoded=97d7 decoded=cc latency=1
[PASS] encoded=f7d7 decoded=cc latency=1
[PASS] encoded=c7d7 decoded=cc latency=1
[PASS] encoded=dfd7 decoded=cc latency=1
[PASS] encoded=d3d7 decoded=cc latency=1
[PASS] encoded=d5d7 decoded=cc latency=1
[PASS] encoded=d6d7 decoded=cc latency=1
[PASS] encoded=d757 decoded=cc latency=1
[PASS] encoded=d797 decoded=cc latency=1
[PASS] encoded=d7f7 decoded=cc latency=1
[PASS] encoded=d7c7 decoded=cc latency=1
[PASS] encoded=d7df decoded=cc latency=1
[PASS] encoded=d7d3 decoded=cc latency=1
[PASS] encoded=d7d5 decoded=cc latency=1
[PASS] encoded=d7d6 decoded=cc latency=1
[PASS] encoded=54b0 decoded=d0 latency=1
[PASS] encoded=94b0 decoded=d0 latency=1
[PASS] encoded=f4b0 decoded=d0 latency=1
[PASS] encoded=c4b0 decoded=d0 latency=1
[PASS] encoded=dcb0 decoded=d0 latency=1
[PASS] encoded=d0b0 decoded=d0 latency=1
[PASS] encoded=d6b0 decoded=d0 latency=1
[PASS] encoded=d5b0 decoded=d0 latency=1
[PASS] encoded=d430 decoded=d0 latency=1
[PASS] encoded=d4f0 decoded=d0 latency=1
[PASS] encoded=d490 decoded=d0 latency=1
[PASS] encoded=d4a0 decoded=d0 latency=1
[PASS] encoded=d4b8 decoded=d0 latency=1
[PASS] encoded=d4b4 decoded=d0 latency=1
[PASS] encoded=d4b2 decoded=d0 latency=1
[PASS] encoded=d4b1 decoded=d0 latency=1
[PASS] encoded=548b decoded=d4 latency=1
[PASS] encoded=948b decoded=d4 latency=1
[PASS] encoded=f48b decoded=d4 latency=1
[PASS] encoded=c48b decoded=d4 latency=1
[PASS] encoded=dc8b decoded=d4 latency=1
[PASS] encoded=d08b decoded=d4 latency=1
[PASS] encoded=d68b decoded=d4 latency=1
[PASS] encoded=d58b decoded=d4 latency=1
[PASS] encoded=d40b decoded=d4 latency=1
[PASS] encoded=d4cb decoded=d4 latency=1
[PASS] encoded=d4ab decoded=d4 latency=1
[PASS] encoded=d49b decoded=d4 latency=1
[PASS] encoded=d483 decoded=d4 latency=1
[PASS] encoded=d48f decoded=d4 latency=1
[PASS] encoded=d489 decoded=d4 latency=1
[PASS] encoded=d48a decoded=d4 latency=1
[PASS] encoded=545c decoded=d8 latency=1
[PASS] encoded=945c decoded=d8 latency=1
[PASS] encoded=f45c decoded=d8 latency=1
[PASS] encoded=c45c decoded=d8 latency=1
[PASS] encoded=dc5c decoded=d8 latency=1
[PASS] encoded=d05c decoded=d8 latency=1
[PASS] encoded=d65c decoded=d8 latency=1
[PASS] encoded=d55c decoded=d8 latency=1
[PASS] encoded=d4dc decoded=d8 latency=1
[PASS] encoded=d41c decoded=d8 latency=1
[PASS] encoded=d47c decoded=d8 latency=1
[PASS] encoded=d44c decoded=d8 latency=1
[PASS] encoded=d454 decoded=d8 latency=1
[PASS] encoded=d458 decoded=d8 latency=1
[PASS] encoded=d45e decoded=d8 latency=1
[PASS] encoded=d45d decoded=d8 latency=1
[PASS] encoded=5467 decoded=dc latency=1
[PASS] encoded=9467 decoded=dc latency=1
[PASS] encoded=f467 decoded=dc latency=1
[PASS] encoded=c467 decoded=dc latency=1
[PASS] encoded=dc67 decoded=dc latency=1
[PASS] encoded=d067 decoded=dc latency=1
[PASS] encoded=d667 decoded=dc latency=1
[PASS] encoded=d567 decoded=dc latency=1
[PASS] encoded=d4e7 decoded=dc latency=1
[PASS] encoded=d427 decoded=dc latency=1
[PASS] encoded=d447 decoded=dc latency=1
[PASS] encoded=d477 decoded=dc latency=1
[PASS] encoded=d46f decoded=dc latency=1
[PASS] encoded=d463 decoded=dc latency=1
[PASS] encoded=d465 decoded=dc latency=1
[PASS] encoded=d466 decoded=dc latency=1
[PASS] encoded=59c0 decoded=e0 latency=1
[PASS] encoded=99c0 decoded=e0 latency=1
[PASS] encoded=f9c0 decoded=e0 latency=1
[PASS] encoded=c9c0 decoded=e0 latency=1
[PASS] encoded=d1c0 decoded=e0 latency=1
[PASS] encoded=ddc0 decoded=e0 latency=1
[PASS] encoded=dbc0 decoded=e0 latency=1
[PASS] encoded=d8c0 decoded=e0 latency=1
[PASS] encoded=d940 decoded=e0 latency=1
[PASS] encoded=d980 decoded=e0 latency=1
[PASS] encoded=d9e0 decoded=e0 latency=1
[PASS] encoded=d9d0 decoded=e0 latency=1
[PASS] encoded=d9c8 decoded=e0 latency=1
[PASS] encoded=d9c4 decoded=e0 latency=1
[PASS] encoded=d9c2 decoded=e0 latency=1
[PASS] encoded=d9c1 decoded=e0 latency=1
[PASS] encoded=59fb decoded=e4 latency=1
[PASS] encoded=99fb decoded=e4 latency=1
[PASS] encoded=f9fb decoded=e4 latency=1
[PASS] encoded=c9fb decoded=e4 latency=1
[PASS] encoded=d1fb decoded=e4 latency=1
[PASS] encoded=ddfb decoded=e4 latency=1
[PASS] encoded=dbfb decoded=e4 latency=1
[PASS] encoded=d8fb decoded=e4 latency=1
[PASS] encoded=d97b decoded=e4 latency=1
[PASS] encoded=d9bb decoded=e4 latency=1
[PASS] encoded=d9db decoded=e4 latency=1
[PASS] encoded=d9eb decoded=e4 latency=1
[PASS] encoded=d9f3 decoded=e4 latency=1
[PASS] encoded=d9ff decoded=e4 latency=1
[PASS] encoded=d9f9 decoded=e4 latency=1
[PASS] encoded=d9fa decoded=e4 latency=1
[PASS] encoded=592c decoded=e8 latency=1
[PASS] encoded=992c decoded=e8 latency=1
[PASS] encoded=f92c decoded=e8 latency=1
[PASS] encoded=c92c decoded=e8 latency=1
[PASS] encoded=d12c decoded=e8 latency=1
[PASS] encoded=dd2c decoded=e8 latency=1
[PASS] encoded=db2c decoded=e8 latency=1
[PASS] encoded=d82c decoded=e8 latency=1
[PASS] encoded=d9ac decoded=e8 latency=1
[PASS] encoded=d96c decoded=e8 latency=1
[PASS] encoded=d90c decoded=e8 latency=1
[PASS] encoded=d93c decoded=e8 latency=1
[PASS] encoded=d924 decoded=e8 latency=1
[PASS] encoded=d928 decoded=e8 latency=1
[PASS] encoded=d92e decoded=e8 latency=1
[PASS] encoded=d92d decoded=e8 latency=1
[PASS] encoded=5917 decoded=ec latency=1
[PASS] encoded=9917 decoded=ec latency=1
[PASS] encoded=f917 decoded=ec latency=1
[PASS] encoded=c917 decoded=ec latency=1
[PASS] encoded=d117 decoded=ec latency=1
[PASS] encoded=dd17 decoded=ec latency=1
[PASS] encoded=db17 decoded=ec latency=1
[PASS] encoded=d817 decoded=ec latency=1
[PASS] encoded=d997 decoded=ec latency=1
[PASS] encoded=d957 decoded=ec latency=1
[PASS] encoded=d937 decoded=ec latency=1
[PASS] encoded=d907 decoded=ec latency=1
[PASS] encoded=d91f decoded=ec latency=1
[PASS] encoded=d913 decoded=ec latency=1
[PASS] encoded=d915 decoded=ec latency=1
[PASS] encoded=d916 decoded=ec latency=1
[PASS] encoded=5a70 decoded=f0 latency=1
[PASS] encoded=9a70 decoded=f0 latency=1
[PASS] encoded=fa70 decoded=f0 latency=1
[PASS] encoded=ca70 decoded=f0 latency=1
[PASS] encoded=d270 decoded=f0 latency=1
[PASS] encoded=de70 decoded=f0 latency=1
[PASS] encoded=d870 decoded=f0 latency=1
[PASS] encoded=db70 decoded=f0 latency=1
[PASS] encoded=daf0 decoded=f0 latency=1
[PASS] encoded=da30 decoded=f0 latency=1
[PASS] encoded=da50 decoded=f0 latency=1
[PASS] encoded=da60 decoded=f0 latency=1
[PASS] encoded=da78 decoded=f0 latency=1
[PASS] encoded=da74 decoded=f0 latency=1
[PASS] encoded=da72 decoded=f0 latency=1
[PASS] encoded=da71 decoded=f0 latency=1
[PASS] encoded=5a4b decoded=f4 latency=1
[PASS] encoded=9a4b decoded=f4 latency=1
[PASS] encoded=fa4b decoded=f4 latency=1
[PASS] encoded=ca4b decoded=f4 latency=1
[PASS] encoded=d24b decoded=f4 latency=1
[PASS] encoded=de4b decoded=f4 latency=1
[PASS] encoded=d84b decoded=f4 latency=1
[PASS] encoded=db4b decoded=f4 latency=1
[PASS] encoded=dacb decoded=f4 latency=1
[PASS] encoded=da0b decoded=f4 latency=1
[PASS] encoded=da6b decoded=f4 latency=1
[PASS] encoded=da5b decoded=f4 latency=1
[PASS] encoded=da43 decoded=f4 latency=1
[PASS] encoded=da4f decoded=f4 latency=1
[PASS] encoded=da49 decoded=f4 latency=1
[PASS] encoded=da4a decoded=f4 latency=1
[PASS] encoded=5a9c decoded=f8 latency=1
[PASS] encoded=9a9c decoded=f8 latency=1
[PASS] encoded=fa9c decoded=f8 latency=1
[PASS] encoded=ca9c decoded=f8 latency=1
[PASS] encoded=d29c decoded=f8 latency=1
[PASS] encoded=de9c decoded=f8 latency=1
[PASS] encoded=d89c decoded=f8 latency=1
[PASS] encoded=db9c decoded=f8 latency=1
[PASS] encoded=da1c decoded=f8 latency=1
[PASS] encoded=dadc decoded=f8 latency=1
[PASS] encoded=dabc decoded=f8 latency=1
[PASS] encoded=da8c decoded=f8 latency=1
[PASS] encoded=da94 decoded=f8 latency=1
[PASS] encoded=da98 decoded=f8 latency=1
[PASS] encoded=da9e decoded=f8 latency=1
[PASS] encoded=da9d decoded=f8 latency=1
[PASS] encoded=5aa7 decoded=fc latency=1
[PASS] encoded=9aa7 decoded=fc latency=1
[PASS] encoded=faa7 decoded=fc latency=1
[PASS] encoded=caa7 decoded=fc latency=1
[PASS] encoded=d2a7 decoded=fc latency=1
[PASS] encoded=dea7 decoded=fc latency=1
[PASS] encoded=d8a7 decoded=fc latency=1
[PASS] encoded=dba7 decoded=fc latency=1
[PASS] encoded=da27 decoded=fc latency=1
[PASS] encoded=dae7 decoded=fc latency=1
[PASS] encoded=da87 decoded=fc latency=1
[PASS] encoded=dab7 decoded=fc latency=1
[PASS] encoded=daaf decoded=fc latency=1
[PASS] encoded=daa3 decoded=fc latency=1
[PASS] encoded=daa5 decoded=fc latency=1
[PASS] encoded=daa6 decoded=fc latency=1
[PASS] encoded=daa6 decoded=fc latency=1
============================================================
[SUMMARY] TOTAL=1025 PASS=1025 FAIL=0
============================================================
[TB RESULT] ALL FILE-BASED TESTS PASSED
Simulation complete via $finish(1) at time 28489725 PS + 0
./tb/tb_viterbi_decoder_fileio.v:165         $finish;
xcelium> exit
TOOL:	xrun(64)	25.09-s004: Exiting on May 14, 2026 at 14:50:38 +07  (total: 00:00:02)
[INFO] Simulation completed.
[INFO] VCD generated:
-rw-rw-r--. 1 iclab6 iclab6 1.4M May 14 14:50 sim/waves/viterbi_activity.vcd
