============================================================
  Generated by:           Genus(TM) Synthesis Solution 23.17-s085_1
  Generated on:           May 14 2026  02:52:40 pm
  Module:                 viterbi_decoder
  Operating conditions:   tt_1.8_25 (balanced_tree)
  Wireload mode:          enclosed
  Area mode:              timing library
============================================================


Path 1: MET (86 ps) Setup Check with Pin o_data_reg[7]/CK->D
          Group: clk
     Startpoint: (R) frame_low_reg[7]/CK
          Clock: (R) clk
       Endpoint: (R) o_data_reg[7]/D
          Clock: (R) clk

                     Capture       Launch     
        Clock Edge:+    5550            0     
       Src Latency:+       0            0     
       Net Latency:+       0 (I)        0 (I) 
           Arrival:=    5550            0     
                                              
             Setup:-     121                  
     Required Time:=    5429                  
      Launch Clock:-       0                  
         Data Path:-    5344                  
             Slack:=      86                  

#---------------------------------------------------------------------------------------------
#    Timing Point     Flags    Arc   Edge   Cell     Fanout Load Trans Delay Arrival Instance 
#                                                           (fF)  (ps)  (ps)   (ps)  Location 
#---------------------------------------------------------------------------------------------
  frame_low_reg[7]/CK -       -      R     (arrival)     24    -     0     0       0    (-,-) 
  frame_low_reg[7]/QN -       CK->QN R     DFFX1          2  5.9    51   304     304    (-,-) 
  g12956__8428/Y      -       A->Y   F     NAND2X1        5 14.4    95   100     405    (-,-) 
  g12949__2398/Y      -       B->Y   F     CLKAND2X2      9 28.3    70   188     593    (-,-) 
  g12825__4319/Y      -       B->Y   R     NOR2X1         3 11.6   186   166     759    (-,-) 
  g12819__5477/Y      -       B0->Y  F     AOI21X1        2  5.9    68    78     837    (-,-) 
  g12805__5115/Y      -       B->Y   R     NAND2X1        2  5.9    61    74     911    (-,-) 
  g12789__4319/Y      -       A1->Y  F     AOI22X1        1  3.0    53    72     983    (-,-) 
  g12783__7410/Y      -       A1->Y  R     OAI221X1       3  9.3   224   193    1176    (-,-) 
  g12768__7098/Y      -       S0->Y  F     MX2X1          2  5.9    50   220    1395    (-,-) 
  g12757__3680/Y      -       B->Y   R     NOR2X1         5 14.9   230   190    1586    (-,-) 
  g12749__5477/Y      -       B0->Y  F     AOI21X1        2  8.5    86    99    1685    (-,-) 
  g12740/Y            -       A->Y   R     CLKINVX2       3  8.8    54    69    1754    (-,-) 
  g12709__2398/Y      -       A->Y   F     NAND2X1        2  8.4    86    75    1830    (-,-) 
  g12699/Y            -       A->Y   R     CLKINVX2       3  8.7    54    69    1898    (-,-) 
  g12659__6131/Y      -       B0->Y  F     AOI22X1        1  3.0    75    54    1952    (-,-) 
  g12649__6783/Y      -       A1->Y  R     OAI21X1        1  2.6    84   101    2053    (-,-) 
  g12639__5477/Y      -       B->Y   R     CLKAND2X2      4 14.5    64   124    2177    (-,-) 
  g12635/Y            -       A->Y   F     CLKINVX2       4 11.2    34    50    2226    (-,-) 
  g12632__1666/Y      -       B1->Y  R     OAI22X1        2  6.7   172   113    2339    (-,-) 
  g12626__4733/Y      -       B->Y   F     CLKXOR2X1      1  3.8    43   211    2550    (-,-) 
  g12621__6131/Y      -       B->Y   R     CLKXOR2X1      2  5.9    59   151    2701    (-,-) 
  g12614__1617/Y      -       C0->Y  F     OAI211X1       1  2.8    69    74    2775    (-,-) 
  g12605__6260/Y      -       A0->Y  R     AOI21X1        5 16.6   279   254    3029    (-,-) 
  g12604/Y            -       A->Y   F     CLKINVX2       3  9.0    67    74    3102    (-,-) 
  g12601__5477/Y      -       A1->Y  R     AOI22X1        2  6.7   156   163    3265    (-,-) 
  g12597__2346/Y      -       B->Y   R     CLKXOR2X1      1  3.8    48   183    3449    (-,-) 
  g12591__7482/Y      -       B->Y   F     CLKXOR2X1      3  7.8    60   206    3654    (-,-) 
  g12590__5115/Y      -       C->Y   F     AND3X2         1  3.0    25   120    3775    (-,-) 
  g12586__7098/Y      -       A1->Y  R     OAI21X1        1  3.0    86    85    3860    (-,-) 
  g12585__8246/Y      -       C0->Y  F     OAI211X1       3  9.9   128   131    3991    (-,-) 
  g12582__5122/Y      -       S0->Y  R     CLKMX2X2       3 14.6    74   236    4227    (-,-) 
  g12580__1705/Y      -       S0->Y  F     MX4X1          3 11.6    94   375    4602    (-,-) 
  g12579/Y            -       A->Y   R     INVX2          4 11.2    63    79    4681    (-,-) 
  g12577__2802/Y      -       S1->Y  F     MX4X1          4 11.9    95   222    4903    (-,-) 
  g12574__3680/Y      -       C0->Y  R     OAI221X1       2  6.0   179    90    4993    (-,-) 
  g12570__8428/Y      -       B0->Y  F     OAI21X1        2  3.6    69    97    5090    (-,-) 
  g12568__6260/Y      -       C->Y   F     OR3X1          1  3.0    48   206    5296    (-,-) 
  g12566__5107/Y      -       C0->Y  R     OAI211X1       1  1.8    93    47    5344    (-,-) 
  o_data_reg[7]/D     -       -      R     DFFX1          1    -     -     0    5344    (-,-) 
#---------------------------------------------------------------------------------------------



Path 2: MET (328 ps) Setup Check with Pin o_data_reg[6]/CK->D
          Group: clk
     Startpoint: (R) frame_low_reg[7]/CK
          Clock: (R) clk
       Endpoint: (R) o_data_reg[6]/D
          Clock: (R) clk

                     Capture       Launch     
        Clock Edge:+    5550            0     
       Src Latency:+       0            0     
       Net Latency:+       0 (I)        0 (I) 
           Arrival:=    5550            0     
                                              
             Setup:-     123                  
     Required Time:=    5427                  
      Launch Clock:-       0                  
         Data Path:-    5099                  
             Slack:=     328                  

#---------------------------------------------------------------------------------------------
#    Timing Point     Flags    Arc   Edge   Cell     Fanout Load Trans Delay Arrival Instance 
#                                                           (fF)  (ps)  (ps)   (ps)  Location 
#---------------------------------------------------------------------------------------------
  frame_low_reg[7]/CK -       -      R     (arrival)     24    -     0     0       0    (-,-) 
  frame_low_reg[7]/QN -       CK->QN R     DFFX1          2  5.9    51   304     304    (-,-) 
  g12956__8428/Y      -       A->Y   F     NAND2X1        5 14.4    95   100     405    (-,-) 
  g12949__2398/Y      -       B->Y   F     CLKAND2X2      9 28.3    70   188     593    (-,-) 
  g12825__4319/Y      -       B->Y   R     NOR2X1         3 11.6   186   166     759    (-,-) 
  g12819__5477/Y      -       B0->Y  F     AOI21X1        2  5.9    68    78     837    (-,-) 
  g12805__5115/Y      -       B->Y   R     NAND2X1        2  5.9    61    74     911    (-,-) 
  g12789__4319/Y      -       A1->Y  F     AOI22X1        1  3.0    53    72     983    (-,-) 
  g12783__7410/Y      -       A1->Y  R     OAI221X1       3  9.3   224   193    1176    (-,-) 
  g12768__7098/Y      -       S0->Y  F     MX2X1          2  5.9    50   220    1395    (-,-) 
  g12757__3680/Y      -       B->Y   R     NOR2X1         5 14.9   230   190    1586    (-,-) 
  g12749__5477/Y      -       B0->Y  F     AOI21X1        2  8.5    86    99    1685    (-,-) 
  g12740/Y            -       A->Y   R     CLKINVX2       3  8.8    54    69    1754    (-,-) 
  g12709__2398/Y      -       A->Y   F     NAND2X1        2  8.4    86    75    1830    (-,-) 
  g12699/Y            -       A->Y   R     CLKINVX2       3  8.7    54    69    1898    (-,-) 
  g12659__6131/Y      -       B0->Y  F     AOI22X1        1  3.0    75    54    1952    (-,-) 
  g12649__6783/Y      -       A1->Y  R     OAI21X1        1  2.6    84   101    2053    (-,-) 
  g12639__5477/Y      -       B->Y   R     CLKAND2X2      4 14.5    64   124    2177    (-,-) 
  g12635/Y            -       A->Y   F     CLKINVX2       4 11.2    34    50    2226    (-,-) 
  g12632__1666/Y      -       B1->Y  R     OAI22X1        2  6.7   172   113    2339    (-,-) 
  g12626__4733/Y      -       B->Y   F     CLKXOR2X1      1  3.8    43   211    2550    (-,-) 
  g12621__6131/Y      -       B->Y   R     CLKXOR2X1      2  5.9    59   151    2701    (-,-) 
  g12614__1617/Y      -       C0->Y  F     OAI211X1       1  2.8    69    74    2775    (-,-) 
  g12605__6260/Y      -       A0->Y  R     AOI21X1        5 16.6   279   254    3029    (-,-) 
  g12604/Y            -       A->Y   F     CLKINVX2       3  9.0    67    74    3102    (-,-) 
  g12601__5477/Y      -       A1->Y  R     AOI22X1        2  6.7   156   163    3265    (-,-) 
  g12597__2346/Y      -       B->Y   R     CLKXOR2X1      1  3.8    48   183    3449    (-,-) 
  g12591__7482/Y      -       B->Y   F     CLKXOR2X1      3  7.8    60   206    3654    (-,-) 
  g12590__5115/Y      -       C->Y   F     AND3X2         1  3.0    25   120    3775    (-,-) 
  g12586__7098/Y      -       A1->Y  R     OAI21X1        1  3.0    86    85    3860    (-,-) 
  g12585__8246/Y      -       C0->Y  F     OAI211X1       3  9.9   128   131    3991    (-,-) 
  g12582__5122/Y      -       S0->Y  R     CLKMX2X2       3 14.6    74   236    4227    (-,-) 
  g12580__1705/Y      -       S0->Y  F     MX4X1          3 11.6    94   375    4602    (-,-) 
  g12579/Y            -       A->Y   R     INVX2          4 11.2    63    79    4681    (-,-) 
  g12577__2802/Y      -       S1->Y  R     MX4X1          4 11.9   108   212    4893    (-,-) 
  g12574__3680/Y      -       C0->Y  F     OAI221X1       2  5.9   104   131    5024    (-,-) 
  g12570__8428/Y      -       B0->Y  R     OAI21X1        2  3.6   100    75    5099    (-,-) 
  o_data_reg[6]/D     -       -      R     DFFX1          2    -     -     0    5099    (-,-) 
#---------------------------------------------------------------------------------------------



Path 3: MET (472 ps) Setup Check with Pin o_data_reg[5]/CK->D
          Group: clk
     Startpoint: (R) frame_low_reg[7]/CK
          Clock: (R) clk
       Endpoint: (R) o_data_reg[5]/D
          Clock: (R) clk

                     Capture       Launch     
        Clock Edge:+    5550            0     
       Src Latency:+       0            0     
       Net Latency:+       0 (I)        0 (I) 
           Arrival:=    5550            0     
                                              
             Setup:-     108                  
     Required Time:=    5442                  
      Launch Clock:-       0                  
         Data Path:-    4970                  
             Slack:=     472                  

#---------------------------------------------------------------------------------------------
#    Timing Point     Flags    Arc   Edge   Cell     Fanout Load Trans Delay Arrival Instance 
#                                                           (fF)  (ps)  (ps)   (ps)  Location 
#---------------------------------------------------------------------------------------------
  frame_low_reg[7]/CK -       -      R     (arrival)     24    -     0     0       0    (-,-) 
  frame_low_reg[7]/QN -       CK->QN R     DFFX1          2  5.9    51   304     304    (-,-) 
  g12956__8428/Y      -       A->Y   F     NAND2X1        5 14.4    95   100     405    (-,-) 
  g12949__2398/Y      -       B->Y   F     CLKAND2X2      9 28.3    70   188     593    (-,-) 
  g12825__4319/Y      -       B->Y   R     NOR2X1         3 11.6   186   166     759    (-,-) 
  g12819__5477/Y      -       B0->Y  F     AOI21X1        2  5.9    68    78     837    (-,-) 
  g12805__5115/Y      -       B->Y   R     NAND2X1        2  5.9    61    74     911    (-,-) 
  g12789__4319/Y      -       A1->Y  F     AOI22X1        1  3.0    53    72     983    (-,-) 
  g12783__7410/Y      -       A1->Y  R     OAI221X1       3  9.3   224   193    1176    (-,-) 
  g12768__7098/Y      -       S0->Y  F     MX2X1          2  5.9    50   220    1395    (-,-) 
  g12757__3680/Y      -       B->Y   R     NOR2X1         5 14.9   230   190    1586    (-,-) 
  g12749__5477/Y      -       B0->Y  F     AOI21X1        2  8.5    86    99    1685    (-,-) 
  g12740/Y            -       A->Y   R     CLKINVX2       3  8.8    54    69    1754    (-,-) 
  g12709__2398/Y      -       A->Y   F     NAND2X1        2  8.4    86    75    1830    (-,-) 
  g12699/Y            -       A->Y   R     CLKINVX2       3  8.7    54    69    1898    (-,-) 
  g12659__6131/Y      -       B0->Y  F     AOI22X1        1  3.0    75    54    1952    (-,-) 
  g12649__6783/Y      -       A1->Y  R     OAI21X1        1  2.6    84   101    2053    (-,-) 
  g12639__5477/Y      -       B->Y   R     CLKAND2X2      4 14.5    64   124    2177    (-,-) 
  g12635/Y            -       A->Y   F     CLKINVX2       4 11.2    34    50    2226    (-,-) 
  g12632__1666/Y      -       B1->Y  R     OAI22X1        2  6.7   172   113    2339    (-,-) 
  g12626__4733/Y      -       B->Y   F     CLKXOR2X1      1  3.8    43   211    2550    (-,-) 
  g12621__6131/Y      -       B->Y   R     CLKXOR2X1      2  5.9    59   151    2701    (-,-) 
  g12614__1617/Y      -       C0->Y  F     OAI211X1       1  2.8    69    74    2775    (-,-) 
  g12605__6260/Y      -       A0->Y  R     AOI21X1        5 16.6   279   254    3029    (-,-) 
  g12604/Y            -       A->Y   F     CLKINVX2       3  9.0    67    74    3102    (-,-) 
  g12601__5477/Y      -       A1->Y  R     AOI22X1        2  6.7   156   163    3265    (-,-) 
  g12597__2346/Y      -       B->Y   R     CLKXOR2X1      1  3.8    48   183    3449    (-,-) 
  g12591__7482/Y      -       B->Y   F     CLKXOR2X1      3  7.8    60   206    3654    (-,-) 
  g12590__5115/Y      -       C->Y   F     AND3X2         1  3.0    25   120    3775    (-,-) 
  g12586__7098/Y      -       A1->Y  R     OAI21X1        1  3.0    86    85    3860    (-,-) 
  g12585__8246/Y      -       C0->Y  F     OAI211X1       3  9.9   128   131    3991    (-,-) 
  g12582__5122/Y      -       S0->Y  R     CLKMX2X2       3 14.6    74   236    4227    (-,-) 
  g12580__1705/Y      -       S0->Y  F     MX4X1          3 11.6    94   375    4602    (-,-) 
  g12579/Y            -       A->Y   R     INVX2          4 11.2    63    79    4681    (-,-) 
  g12577__2802/Y      -       S1->Y  F     MX4X1          4 11.9    95   222    4903    (-,-) 
  g12576/Y            -       A->Y   R     INVX1          2  3.6    52    67    4970    (-,-) 
  o_data_reg[5]/D     -       -      R     DFFX1          2    -     -     0    4970    (-,-) 
#---------------------------------------------------------------------------------------------



Path 4: MET (758 ps) Setup Check with Pin o_data_reg[4]/CK->D
          Group: clk
     Startpoint: (R) frame_low_reg[7]/CK
          Clock: (R) clk
       Endpoint: (R) o_data_reg[4]/D
          Clock: (R) clk

                     Capture       Launch     
        Clock Edge:+    5550            0     
       Src Latency:+       0            0     
       Net Latency:+       0 (I)        0 (I) 
           Arrival:=    5550            0     
                                              
             Setup:-     111                  
     Required Time:=    5439                  
      Launch Clock:-       0                  
         Data Path:-    4681                  
             Slack:=     758                  

#---------------------------------------------------------------------------------------------
#    Timing Point     Flags    Arc   Edge   Cell     Fanout Load Trans Delay Arrival Instance 
#                                                           (fF)  (ps)  (ps)   (ps)  Location 
#---------------------------------------------------------------------------------------------
  frame_low_reg[7]/CK -       -      R     (arrival)     24    -     0     0       0    (-,-) 
  frame_low_reg[7]/QN -       CK->QN R     DFFX1          2  5.9    51   304     304    (-,-) 
  g12956__8428/Y      -       A->Y   F     NAND2X1        5 14.4    95   100     405    (-,-) 
  g12949__2398/Y      -       B->Y   F     CLKAND2X2      9 28.3    70   188     593    (-,-) 
  g12825__4319/Y      -       B->Y   R     NOR2X1         3 11.6   186   166     759    (-,-) 
  g12819__5477/Y      -       B0->Y  F     AOI21X1        2  5.9    68    78     837    (-,-) 
  g12805__5115/Y      -       B->Y   R     NAND2X1        2  5.9    61    74     911    (-,-) 
  g12789__4319/Y      -       A1->Y  F     AOI22X1        1  3.0    53    72     983    (-,-) 
  g12783__7410/Y      -       A1->Y  R     OAI221X1       3  9.3   224   193    1176    (-,-) 
  g12768__7098/Y      -       S0->Y  F     MX2X1          2  5.9    50   220    1395    (-,-) 
  g12757__3680/Y      -       B->Y   R     NOR2X1         5 14.9   230   190    1586    (-,-) 
  g12749__5477/Y      -       B0->Y  F     AOI21X1        2  8.5    86    99    1685    (-,-) 
  g12740/Y            -       A->Y   R     CLKINVX2       3  8.8    54    69    1754    (-,-) 
  g12709__2398/Y      -       A->Y   F     NAND2X1        2  8.4    86    75    1830    (-,-) 
  g12699/Y            -       A->Y   R     CLKINVX2       3  8.7    54    69    1898    (-,-) 
  g12659__6131/Y      -       B0->Y  F     AOI22X1        1  3.0    75    54    1952    (-,-) 
  g12649__6783/Y      -       A1->Y  R     OAI21X1        1  2.6    84   101    2053    (-,-) 
  g12639__5477/Y      -       B->Y   R     CLKAND2X2      4 14.5    64   124    2177    (-,-) 
  g12635/Y            -       A->Y   F     CLKINVX2       4 11.2    34    50    2226    (-,-) 
  g12632__1666/Y      -       B1->Y  R     OAI22X1        2  6.7   172   113    2339    (-,-) 
  g12626__4733/Y      -       B->Y   F     CLKXOR2X1      1  3.8    43   211    2550    (-,-) 
  g12621__6131/Y      -       B->Y   R     CLKXOR2X1      2  5.9    59   151    2701    (-,-) 
  g12614__1617/Y      -       C0->Y  F     OAI211X1       1  2.8    69    74    2775    (-,-) 
  g12605__6260/Y      -       A0->Y  R     AOI21X1        5 16.6   279   254    3029    (-,-) 
  g12604/Y            -       A->Y   F     CLKINVX2       3  9.0    67    74    3102    (-,-) 
  g12601__5477/Y      -       A1->Y  R     AOI22X1        2  6.7   156   163    3265    (-,-) 
  g12597__2346/Y      -       B->Y   R     CLKXOR2X1      1  3.8    48   183    3449    (-,-) 
  g12591__7482/Y      -       B->Y   F     CLKXOR2X1      3  7.8    60   206    3654    (-,-) 
  g12590__5115/Y      -       C->Y   F     AND3X2         1  3.0    25   120    3775    (-,-) 
  g12586__7098/Y      -       A1->Y  R     OAI21X1        1  3.0    86    85    3860    (-,-) 
  g12585__8246/Y      -       C0->Y  F     OAI211X1       3  9.9   128   131    3991    (-,-) 
  g12582__5122/Y      -       S0->Y  R     CLKMX2X2       3 14.6    74   236    4227    (-,-) 
  g12580__1705/Y      -       S0->Y  F     MX4X1          3 11.6    94   375    4602    (-,-) 
  g12579/Y            -       A->Y   R     INVX2          4 11.2    63    79    4681    (-,-) 
  o_data_reg[4]/D     -       -      R     DFFX1          4    -     -     0    4681    (-,-) 
#---------------------------------------------------------------------------------------------



Path 5: MET (1189 ps) Setup Check with Pin o_data_reg[3]/CK->D
          Group: clk
     Startpoint: (R) frame_low_reg[7]/CK
          Clock: (R) clk
       Endpoint: (F) o_data_reg[3]/D
          Clock: (R) clk

                     Capture       Launch     
        Clock Edge:+    5550            0     
       Src Latency:+       0            0     
       Net Latency:+       0 (I)        0 (I) 
           Arrival:=    5550            0     
                                              
             Setup:-     119                  
     Required Time:=    5431                  
      Launch Clock:-       0                  
         Data Path:-    4242                  
             Slack:=    1189                  

#---------------------------------------------------------------------------------------------
#    Timing Point     Flags    Arc   Edge   Cell     Fanout Load Trans Delay Arrival Instance 
#                                                           (fF)  (ps)  (ps)   (ps)  Location 
#---------------------------------------------------------------------------------------------
  frame_low_reg[7]/CK -       -      R     (arrival)     24    -     0     0       0    (-,-) 
  frame_low_reg[7]/QN -       CK->QN R     DFFX1          2  5.9    51   304     304    (-,-) 
  g12956__8428/Y      -       A->Y   F     NAND2X1        5 14.4    95   100     405    (-,-) 
  g12949__2398/Y      -       B->Y   F     CLKAND2X2      9 28.3    70   188     593    (-,-) 
  g12825__4319/Y      -       B->Y   R     NOR2X1         3 11.6   186   166     759    (-,-) 
  g12819__5477/Y      -       B0->Y  F     AOI21X1        2  5.9    68    78     837    (-,-) 
  g12805__5115/Y      -       B->Y   R     NAND2X1        2  5.9    61    74     911    (-,-) 
  g12789__4319/Y      -       A1->Y  F     AOI22X1        1  3.0    53    72     983    (-,-) 
  g12783__7410/Y      -       A1->Y  R     OAI221X1       3  9.3   224   193    1176    (-,-) 
  g12768__7098/Y      -       S0->Y  F     MX2X1          2  5.9    50   220    1395    (-,-) 
  g12757__3680/Y      -       B->Y   R     NOR2X1         5 14.9   230   190    1586    (-,-) 
  g12749__5477/Y      -       B0->Y  F     AOI21X1        2  8.5    86    99    1685    (-,-) 
  g12740/Y            -       A->Y   R     CLKINVX2       3  8.8    54    69    1754    (-,-) 
  g12709__2398/Y      -       A->Y   F     NAND2X1        2  8.4    86    75    1830    (-,-) 
  g12699/Y            -       A->Y   R     CLKINVX2       3  8.7    54    69    1898    (-,-) 
  g12659__6131/Y      -       B0->Y  F     AOI22X1        1  3.0    75    54    1952    (-,-) 
  g12649__6783/Y      -       A1->Y  R     OAI21X1        1  2.6    84   101    2053    (-,-) 
  g12639__5477/Y      -       B->Y   R     CLKAND2X2      4 14.5    64   124    2177    (-,-) 
  g12635/Y            -       A->Y   F     CLKINVX2       4 11.2    34    50    2226    (-,-) 
  g12632__1666/Y      -       B1->Y  R     OAI22X1        2  6.7   172   113    2339    (-,-) 
  g12626__4733/Y      -       B->Y   F     CLKXOR2X1      1  3.8    43   211    2550    (-,-) 
  g12621__6131/Y      -       B->Y   R     CLKXOR2X1      2  5.9    59   151    2701    (-,-) 
  g12614__1617/Y      -       C0->Y  F     OAI211X1       1  2.8    69    74    2775    (-,-) 
  g12605__6260/Y      -       A0->Y  R     AOI21X1        5 16.6   279   254    3029    (-,-) 
  g12604/Y            -       A->Y   F     CLKINVX2       3  9.0    67    74    3102    (-,-) 
  g12601__5477/Y      -       A1->Y  R     AOI22X1        2  6.7   156   163    3265    (-,-) 
  g12597__2346/Y      -       B->Y   R     CLKXOR2X1      1  3.8    48   183    3449    (-,-) 
  g12591__7482/Y      -       B->Y   F     CLKXOR2X1      3  7.8    60   206    3654    (-,-) 
  g12590__5115/Y      -       C->Y   F     AND3X2         1  3.0    25   120    3775    (-,-) 
  g12586__7098/Y      -       A1->Y  R     OAI21X1        1  3.0    86    85    3860    (-,-) 
  g12585__8246/Y      -       C0->Y  F     OAI211X1       3  9.9   128   131    3991    (-,-) 
  g12582__5122/Y      -       S0->Y  F     CLKMX2X2       3 14.6    67   252    4242    (-,-) 
  o_data_reg[3]/D     -       -      F     DFFX1          3    -     -     0    4242    (-,-) 
#---------------------------------------------------------------------------------------------



Path 6: MET (1392 ps) Setup Check with Pin o_data_reg[2]/CK->D
          Group: clk
     Startpoint: (R) frame_low_reg[7]/CK
          Clock: (R) clk
       Endpoint: (R) o_data_reg[2]/D
          Clock: (R) clk

                     Capture       Launch     
        Clock Edge:+    5550            0     
       Src Latency:+       0            0     
       Net Latency:+       0 (I)        0 (I) 
           Arrival:=    5550            0     
                                              
             Setup:-     107                  
     Required Time:=    5443                  
      Launch Clock:-       0                  
         Data Path:-    4052                  
             Slack:=    1392                  

#---------------------------------------------------------------------------------------------
#    Timing Point     Flags    Arc   Edge   Cell     Fanout Load Trans Delay Arrival Instance 
#                                                           (fF)  (ps)  (ps)   (ps)  Location 
#---------------------------------------------------------------------------------------------
  frame_low_reg[7]/CK -       -      R     (arrival)     24    -     0     0       0    (-,-) 
  frame_low_reg[7]/QN -       CK->QN R     DFFX1          2  5.9    51   304     304    (-,-) 
  g12956__8428/Y      -       A->Y   F     NAND2X1        5 14.4    95   100     405    (-,-) 
  g12949__2398/Y      -       B->Y   F     CLKAND2X2      9 28.3    70   188     593    (-,-) 
  g12825__4319/Y      -       B->Y   R     NOR2X1         3 11.6   186   166     759    (-,-) 
  g12819__5477/Y      -       B0->Y  F     AOI21X1        2  5.9    68    78     837    (-,-) 
  g12805__5115/Y      -       B->Y   R     NAND2X1        2  5.9    61    74     911    (-,-) 
  g12789__4319/Y      -       A1->Y  F     AOI22X1        1  3.0    53    72     983    (-,-) 
  g12783__7410/Y      -       A1->Y  R     OAI221X1       3  9.3   224   193    1176    (-,-) 
  g12768__7098/Y      -       S0->Y  F     MX2X1          2  5.9    50   220    1395    (-,-) 
  g12757__3680/Y      -       B->Y   R     NOR2X1         5 14.9   230   190    1586    (-,-) 
  g12749__5477/Y      -       B0->Y  F     AOI21X1        2  8.5    86    99    1685    (-,-) 
  g12740/Y            -       A->Y   R     CLKINVX2       3  8.8    54    69    1754    (-,-) 
  g12709__2398/Y      -       A->Y   F     NAND2X1        2  8.4    86    75    1830    (-,-) 
  g12699/Y            -       A->Y   R     CLKINVX2       3  8.7    54    69    1898    (-,-) 
  g12659__6131/Y      -       B0->Y  F     AOI22X1        1  3.0    75    54    1952    (-,-) 
  g12649__6783/Y      -       A1->Y  R     OAI21X1        1  2.6    84   101    2053    (-,-) 
  g12639__5477/Y      -       B->Y   R     CLKAND2X2      4 14.5    64   124    2177    (-,-) 
  g12635/Y            -       A->Y   F     CLKINVX2       4 11.2    34    50    2226    (-,-) 
  g12632__1666/Y      -       B1->Y  R     OAI22X1        2  6.7   172   113    2339    (-,-) 
  g12626__4733/Y      -       B->Y   F     CLKXOR2X1      1  3.8    43   211    2550    (-,-) 
  g12621__6131/Y      -       B->Y   R     CLKXOR2X1      2  5.9    59   151    2701    (-,-) 
  g12614__1617/Y      -       C0->Y  F     OAI211X1       1  2.8    69    74    2775    (-,-) 
  g12605__6260/Y      -       A0->Y  R     AOI21X1        5 16.6   279   254    3029    (-,-) 
  g12604/Y            -       A->Y   F     CLKINVX2       3  9.0    67    74    3102    (-,-) 
  g12601__5477/Y      -       A1->Y  R     AOI22X1        2  6.7   156   163    3265    (-,-) 
  g12597__2346/Y      -       B->Y   R     CLKXOR2X1      1  3.8    48   183    3449    (-,-) 
  g12591__7482/Y      -       B->Y   F     CLKXOR2X1      3  7.8    60   206    3654    (-,-) 
  g12590__5115/Y      -       C->Y   F     AND3X2         1  3.0    25   120    3775    (-,-) 
  g12586__7098/Y      -       A1->Y  R     OAI21X1        1  3.0    86    85    3860    (-,-) 
  g12585__8246/Y      -       C0->Y  F     OAI211X1       3  9.9   128   131    3991    (-,-) 
  g12584/Y            -       A->Y   R     CLKINVX1       1  1.8    48    61    4052    (-,-) 
  o_data_reg[2]/D     -       -      R     DFFX1          1    -     -     0    4052    (-,-) 
#---------------------------------------------------------------------------------------------



Path 7: MET (2171 ps) Clock Gating Setup Check at cgic pin RC_CG_HIER_INST0/RC_CGIC_INST/E
          Group: cg_enable_group_clk
     Startpoint: (F) en
          Clock: (R) clk
       Endpoint: (F) RC_CG_HIER_INST0/RC_CGIC_INST/E
          Clock: (F) clk

                     Capture       Launch     
        Clock Edge:+    2775            0     
        Drv Adjust:+       0            0     
       Src Latency:+       0            0     
       Net Latency:+       0 (I)        0 (I) 
           Arrival:=    2775            0     
                                              
  Gate Check Setup:-     254                  
     Required Time:=    2521                  
      Launch Clock:-       0                  
       Input Delay:-     300                  
         Data Path:-      50                  
             Slack:=    2171                  

Exceptions/Constraints:
  input_delay             300             constraints.sdc_line_3   

#--------------------------------------------------------------------------------------------------------
#          Timing Point           Flags   Arc   Edge   Cell     Fanout Load Trans Delay Arrival Instance 
#                                                                      (fF)  (ps)  (ps)   (ps)  Location 
#--------------------------------------------------------------------------------------------------------
  en                              -       -     F     (arrival)      1  5.6     0     0     300    (-,-) 
  g7452/Y                         -       A->Y  R     INVX2          1  2.9    17    18     318    (-,-) 
  g7451__2398/Y                   -       A->Y  F     NOR2X1         2  3.7    30    32     350    (-,-) 
  RC_CG_HIER_INST0/RC_CGIC_INST/E -       -     F     ICGPRECX1      2    -     -     0     350    (-,-) 
#--------------------------------------------------------------------------------------------------------



Path 8: MET (2244 ps) Clock Gating Setup Check at cgic pin RC_CG_HIER_INST1/RC_CGIC_INST/E
          Group: cg_enable_group_clk
     Startpoint: (R) busy_reg/CK
          Clock: (R) clk
       Endpoint: (F) RC_CG_HIER_INST1/RC_CGIC_INST/E
          Clock: (F) clk

                     Capture       Launch     
        Clock Edge:+    2775            0     
       Src Latency:+       0            0     
       Net Latency:+       0 (I)        0 (I) 
           Arrival:=    2775            0     
                                              
  Gate Check Setup:-     260                  
     Required Time:=    2515                  
      Launch Clock:-       0                  
         Data Path:-     272                  
             Slack:=    2244                  

#--------------------------------------------------------------------------------------------------------
#          Timing Point           Flags   Arc   Edge   Cell     Fanout Load Trans Delay Arrival Instance 
#                                                                      (fF)  (ps)  (ps)   (ps)  Location 
#--------------------------------------------------------------------------------------------------------
  busy_reg/CK                     -       -     R     (arrival)      4    -     0     0       0    (-,-) 
  busy_reg/Q                      -       CK->Q F     DFFRX1         3  6.7    45   272     272    (-,-) 
  RC_CG_HIER_INST1/RC_CGIC_INST/E -       -     F     ICGPRECX1      3    -     -     0     272    (-,-) 
#--------------------------------------------------------------------------------------------------------



Path 9: MET (3150 ps) Setup Check with Pin pm_mid_reg[9]/CK->D
          Group: clk
     Startpoint: (F) i_data[12]
          Clock: (R) clk
       Endpoint: (F) pm_mid_reg[9]/D
          Clock: (R) clk

                     Capture       Launch     
        Clock Edge:+    5550            0     
        Drv Adjust:+       0            0     
       Src Latency:+       0            0     
       Net Latency:+       0 (I)        0 (I) 
           Arrival:=    5550            0     
                                              
             Setup:-     106                  
     Required Time:=    5444                  
      Launch Clock:-       0                  
       Input Delay:-     300                  
         Data Path:-    1994                  
             Slack:=    3150                  

Exceptions/Constraints:
  input_delay             300             constraints.sdc_line_3_4_1   

#----------------------------------------------------------------------------------------
#  Timing Point   Flags   Arc   Edge   Cell     Fanout Load Trans Delay Arrival Instance 
#                                                      (fF)  (ps)  (ps)   (ps)  Location 
#----------------------------------------------------------------------------------------
  i_data[12]      -       -     F     (arrival)      4 10.5     0     0     300    (-,-) 
  g12989__6161/Y  -       B->Y  F     AND2X1         2  4.7    31    85     385    (-,-) 
  g12953__5107/Y  -       B->Y  F     OR2X1          2  6.7    49   152     538    (-,-) 
  g12941__2346/Y  -       B->Y  R     CLKXOR2X1      3 11.6    96   183     720    (-,-) 
  g12940/Y        -       A->Y  F     CLKINVX2       2  6.0    32    44     764    (-,-) 
  g12936__9315/Y  -       B->Y  R     NOR2X1         3 11.6   186   151     915    (-,-) 
  g12934/Y        -       A->Y  F     INVX2          1  2.9    36    40     955    (-,-) 
  g12926__7098/Y  -       A->Y  R     NAND2X1        2  5.9    60    66    1022    (-,-) 
  g12919__2802/Y  -       B0->Y F     AOI21X1        2  6.0    60    52    1074    (-,-) 
  g12908__6417/Y  -       A1->Y R     AOI22X1        2  6.0   147   153    1227    (-,-) 
  g12900__9945/Y  -       B0->Y F     OAI21X1        4 12.7   113   144    1371    (-,-) 
  g12887__7098/Y  -       B->Y  R     CLKXOR2X1      1  4.7    55   174    1545    (-,-) 
  g12874__4319/S  -       B->S  F     ADDHX1         4  9.5    66   214    1759    (-,-) 
  g12862__2883/Y  -       A1->Y R     AOI22X1        1  2.9   108   124    1882    (-,-) 
  g12861/Y        -       A->Y  F     INVX1          2  6.0    45    61    1944    (-,-) 
  g12857__4733/Y  -       C0->Y R     AOI211X1       2  5.5   192   162    2106    (-,-) 
  g12838__5122/Y  -       S0->Y F     MX2X1          1  1.8    33   188    2294    (-,-) 
  pm_mid_reg[9]/D -       -     F     DFFX1          1    -     -     0    2294    (-,-) 
#----------------------------------------------------------------------------------------



Path 10: MET (3150 ps) Setup Check with Pin pm_mid_reg[3]/CK->D
          Group: clk
     Startpoint: (F) i_data[12]
          Clock: (R) clk
       Endpoint: (F) pm_mid_reg[3]/D
          Clock: (R) clk

                     Capture       Launch     
        Clock Edge:+    5550            0     
        Drv Adjust:+       0            0     
       Src Latency:+       0            0     
       Net Latency:+       0 (I)        0 (I) 
           Arrival:=    5550            0     
                                              
             Setup:-     106                  
     Required Time:=    5444                  
      Launch Clock:-       0                  
       Input Delay:-     300                  
         Data Path:-    1994                  
             Slack:=    3150                  

Exceptions/Constraints:
  input_delay             300             constraints.sdc_line_3_4_1   

#----------------------------------------------------------------------------------------
#  Timing Point   Flags   Arc   Edge   Cell     Fanout Load Trans Delay Arrival Instance 
#                                                      (fF)  (ps)  (ps)   (ps)  Location 
#----------------------------------------------------------------------------------------
  i_data[12]      -       -     F     (arrival)      4 10.5     0     0     300    (-,-) 
  g12989__6161/Y  -       B->Y  F     AND2X1         2  4.7    31    85     385    (-,-) 
  g12953__5107/Y  -       B->Y  F     OR2X1          2  6.7    49   152     538    (-,-) 
  g12941__2346/Y  -       B->Y  R     CLKXOR2X1      3 11.6    96   183     720    (-,-) 
  g12940/Y        -       A->Y  F     CLKINVX2       2  6.0    32    44     764    (-,-) 
  g12936__9315/Y  -       B->Y  R     NOR2X1         3 11.6   186   151     915    (-,-) 
  g12934/Y        -       A->Y  F     INVX2          1  2.9    36    40     955    (-,-) 
  g12926__7098/Y  -       A->Y  R     NAND2X1        2  5.9    60    66    1022    (-,-) 
  g12919__2802/Y  -       B0->Y F     AOI21X1        2  6.0    60    52    1074    (-,-) 
  g12908__6417/Y  -       A1->Y R     AOI22X1        2  6.0   147   153    1227    (-,-) 
  g12900__9945/Y  -       B0->Y F     OAI21X1        4 12.7   113   144    1371    (-,-) 
  g12887__7098/Y  -       B->Y  R     CLKXOR2X1      1  4.7    55   174    1545    (-,-) 
  g12874__4319/S  -       B->S  F     ADDHX1         4  9.5    66   214    1759    (-,-) 
  g12862__2883/Y  -       A1->Y R     AOI22X1        1  2.9   108   124    1882    (-,-) 
  g12861/Y        -       A->Y  F     INVX1          2  6.0    45    61    1944    (-,-) 
  g12858__6161/Y  -       C0->Y R     AOI211X1       2  5.5   192   162    2106    (-,-) 
  g12835__1617/Y  -       S0->Y F     MX2X1          1  1.8    33   188    2294    (-,-) 
  pm_mid_reg[3]/D -       -     F     DFFX1          1    -     -     0    2294    (-,-) 
#----------------------------------------------------------------------------------------



Path 11: MET (3202 ps) Setup Check with Pin pm_mid_reg[0]/CK->D
          Group: clk
     Startpoint: (F) i_data[12]
          Clock: (R) clk
       Endpoint: (R) pm_mid_reg[0]/D
          Clock: (R) clk

                     Capture       Launch     
        Clock Edge:+    5550            0     
        Drv Adjust:+       0            0     
       Src Latency:+       0            0     
       Net Latency:+       0 (I)        0 (I) 
           Arrival:=    5550            0     
                                              
             Setup:-     102                  
     Required Time:=    5448                  
      Launch Clock:-       0                  
       Input Delay:-     300                  
         Data Path:-    1946                  
             Slack:=    3202                  

Exceptions/Constraints:
  input_delay             300             constraints.sdc_line_3_4_1   

#----------------------------------------------------------------------------------------
#  Timing Point   Flags   Arc   Edge   Cell     Fanout Load Trans Delay Arrival Instance 
#                                                      (fF)  (ps)  (ps)   (ps)  Location 
#----------------------------------------------------------------------------------------
  i_data[12]      -       -     F     (arrival)      4 10.5     0     0     300    (-,-) 
  g12989__6161/Y  -       B->Y  F     AND2X1         2  4.7    31    85     385    (-,-) 
  g12953__5107/Y  -       B->Y  F     OR2X1          2  6.7    49   152     538    (-,-) 
  g12941__2346/Y  -       B->Y  R     CLKXOR2X1      3 11.6    96   183     720    (-,-) 
  g12940/Y        -       A->Y  F     CLKINVX2       2  6.0    32    44     764    (-,-) 
  g12936__9315/Y  -       B->Y  R     NOR2X1         3 11.6   186   151     915    (-,-) 
  g12934/Y        -       A->Y  F     INVX2          1  2.9    36    40     955    (-,-) 
  g12926__7098/Y  -       A->Y  R     NAND2X1        2  5.9    60    66    1022    (-,-) 
  g12919__2802/Y  -       B0->Y F     AOI21X1        2  6.0    60    52    1074    (-,-) 
  g12908__6417/Y  -       A1->Y R     AOI22X1        2  6.0   147   153    1227    (-,-) 
  g12904__1666/Y  -       B0->Y F     OAI21X1        4 12.7   113   144    1371    (-,-) 
  g12888__6131/Y  -       B->Y  R     CLKXOR2X1      1  4.7    55   174    1545    (-,-) 
  g12873__6260/S  -       B->S  F     ADDHX1         4 12.2    74   225    1770    (-,-) 
  g12859__9315/Y  -       A1->Y R     AOI22X1        2  6.0   149   159    1928    (-,-) 
  g12854__1881/Y  -       C0->Y F     OAI221X1       2  6.6   115   151    2080    (-,-) 
  g12836__2802/Y  -       S0->Y R     MX2X1          1  1.8    34   166    2246    (-,-) 
  pm_mid_reg[0]/D -       -     R     DFFX1          1    -     -     0    2246    (-,-) 
#----------------------------------------------------------------------------------------



Path 12: MET (3205 ps) Setup Check with Pin pm_mid_reg[6]/CK->D
          Group: clk
     Startpoint: (F) i_data[12]
          Clock: (R) clk
       Endpoint: (F) pm_mid_reg[6]/D
          Clock: (R) clk

                     Capture       Launch     
        Clock Edge:+    5550            0     
        Drv Adjust:+       0            0     
       Src Latency:+       0            0     
       Net Latency:+       0 (I)        0 (I) 
           Arrival:=    5550            0     
                                              
             Setup:-     105                  
     Required Time:=    5445                  
      Launch Clock:-       0                  
       Input Delay:-     300                  
         Data Path:-    1940                  
             Slack:=    3205                  

Exceptions/Constraints:
  input_delay             300             constraints.sdc_line_3_4_1   

#----------------------------------------------------------------------------------------
#  Timing Point   Flags   Arc   Edge   Cell     Fanout Load Trans Delay Arrival Instance 
#                                                      (fF)  (ps)  (ps)   (ps)  Location 
#----------------------------------------------------------------------------------------
  i_data[12]      -       -     F     (arrival)      4 10.5     0     0     300    (-,-) 
  g12990__9315/Y  -       A->Y  R     NOR2X1         2  4.8    94    84     384    (-,-) 
  g12953__5107/Y  -       A->Y  R     OR2X1          2  6.7    59   124     508    (-,-) 
  g12941__2346/Y  -       B->Y  F     CLKXOR2X1      3 11.6    72   226     734    (-,-) 
  g12940/Y        -       A->Y  R     CLKINVX2       2  6.0    42    57     791    (-,-) 
  g12936__9315/Y  -       B->Y  F     NOR2X1         3 11.6    63    61     852    (-,-) 
  g12934/Y        -       A->Y  R     INVX2          1  2.9    30    42     894    (-,-) 
  g12926__7098/Y  -       A->Y  F     NAND2X1        2  5.9    55    56     950    (-,-) 
  g12919__2802/Y  -       B0->Y R     AOI21X1        2  6.0   128   124    1074    (-,-) 
  g12911__5107/Y  -       B->Y  F     NOR2X1         2  6.0    61    69    1143    (-,-) 
  g12904__1666/Y  -       A1->Y R     OAI21X1        4 12.7   218   194    1336    (-,-) 
  g12888__6131/Y  -       B->Y  F     CLKXOR2X1      1  4.8    49   222    1558    (-,-) 
  g12873__6260/S  -       B->S  R     ADDHX1         4 12.2   100   186    1744    (-,-) 
  g12870/Y        -       A->Y  F     CLKINVX2       2  4.8    30    40    1785    (-,-) 
  g12865__7410/Y  -       C->Y  F     OR3X1          1  2.9    48   192    1977    (-,-) 
  g12853__6131/Y  -       B0->Y R     OAI211X1       2  6.6   152    78    2056    (-,-) 
  g12837__1705/Y  -       S0->Y F     MX2X1          1  1.8    31   184    2240    (-,-) 
  pm_mid_reg[6]/D -       -     F     DFFX1          1    -     -     0    2240    (-,-) 
#----------------------------------------------------------------------------------------



Path 13: MET (3298 ps) Setup Check with Pin dec123_reg[11]/CK->D
          Group: clk
     Startpoint: (F) i_data[12]
          Clock: (R) clk
       Endpoint: (R) dec123_reg[11]/D
          Clock: (R) clk

                     Capture       Launch     
        Clock Edge:+    5550            0     
        Drv Adjust:+       0            0     
       Src Latency:+       0            0     
       Net Latency:+       0 (I)        0 (I) 
           Arrival:=    5550            0     
                                              
             Setup:-     146                  
     Required Time:=    5404                  
      Launch Clock:-       0                  
       Input Delay:-     300                  
         Data Path:-    1806                  
             Slack:=    3298                  

Exceptions/Constraints:
  input_delay             300             constraints.sdc_line_3_4_1   

#-----------------------------------------------------------------------------------------
#  Timing Point    Flags   Arc   Edge   Cell     Fanout Load Trans Delay Arrival Instance 
#                                                       (fF)  (ps)  (ps)   (ps)  Location 
#-----------------------------------------------------------------------------------------
  i_data[12]       -       -     F     (arrival)      4 10.5     0     0     300    (-,-) 
  g12989__6161/Y   -       B->Y  F     AND2X1         2  4.7    31    85     385    (-,-) 
  g12953__5107/Y   -       B->Y  F     OR2X1          2  6.7    49   152     538    (-,-) 
  g12941__2346/Y   -       B->Y  R     CLKXOR2X1      3 11.6    96   183     720    (-,-) 
  g12940/Y         -       A->Y  F     CLKINVX2       2  6.0    32    44     764    (-,-) 
  g12936__9315/Y   -       B->Y  R     NOR2X1         3 11.6   186   151     915    (-,-) 
  g12934/Y         -       A->Y  F     INVX2          1  2.9    36    40     955    (-,-) 
  g12926__7098/Y   -       A->Y  R     NAND2X1        2  5.9    60    66    1022    (-,-) 
  g12919__2802/Y   -       B0->Y F     AOI21X1        2  6.0    60    52    1074    (-,-) 
  g12908__6417/Y   -       A1->Y R     AOI22X1        2  6.0   147   153    1227    (-,-) 
  g12900__9945/Y   -       B0->Y F     OAI21X1        4 12.7   113   144    1371    (-,-) 
  g12887__7098/Y   -       B->Y  R     CLKXOR2X1      1  4.7    55   174    1545    (-,-) 
  g12874__4319/S   -       B->S  F     ADDHX1         4  9.5    66   214    1759    (-,-) 
  g12862__2883/Y   -       A1->Y R     AOI22X1        1  2.9   108   124    1882    (-,-) 
  g12861/Y         -       A->Y  F     INVX1          2  6.0    45    61    1944    (-,-) 
  g12857__4733/Y   -       C0->Y R     AOI211X1       2  5.5   192   162    2106    (-,-) 
  dec123_reg[11]/D -       -     R     DFFX1          2    -     -     0    2106    (-,-) 
#-----------------------------------------------------------------------------------------



Path 14: MET (3298 ps) Setup Check with Pin dec123_reg[9]/CK->D
          Group: clk
     Startpoint: (F) i_data[12]
          Clock: (R) clk
       Endpoint: (R) dec123_reg[9]/D
          Clock: (R) clk

                     Capture       Launch     
        Clock Edge:+    5550            0     
        Drv Adjust:+       0            0     
       Src Latency:+       0            0     
       Net Latency:+       0 (I)        0 (I) 
           Arrival:=    5550            0     
                                              
             Setup:-     146                  
     Required Time:=    5404                  
      Launch Clock:-       0                  
       Input Delay:-     300                  
         Data Path:-    1806                  
             Slack:=    3298                  

Exceptions/Constraints:
  input_delay             300             constraints.sdc_line_3_4_1   

#----------------------------------------------------------------------------------------
#  Timing Point   Flags   Arc   Edge   Cell     Fanout Load Trans Delay Arrival Instance 
#                                                      (fF)  (ps)  (ps)   (ps)  Location 
#----------------------------------------------------------------------------------------
  i_data[12]      -       -     F     (arrival)      4 10.5     0     0     300    (-,-) 
  g12989__6161/Y  -       B->Y  F     AND2X1         2  4.7    31    85     385    (-,-) 
  g12953__5107/Y  -       B->Y  F     OR2X1          2  6.7    49   152     538    (-,-) 
  g12941__2346/Y  -       B->Y  R     CLKXOR2X1      3 11.6    96   183     720    (-,-) 
  g12940/Y        -       A->Y  F     CLKINVX2       2  6.0    32    44     764    (-,-) 
  g12936__9315/Y  -       B->Y  R     NOR2X1         3 11.6   186   151     915    (-,-) 
  g12934/Y        -       A->Y  F     INVX2          1  2.9    36    40     955    (-,-) 
  g12926__7098/Y  -       A->Y  R     NAND2X1        2  5.9    60    66    1022    (-,-) 
  g12919__2802/Y  -       B0->Y F     AOI21X1        2  6.0    60    52    1074    (-,-) 
  g12908__6417/Y  -       A1->Y R     AOI22X1        2  6.0   147   153    1227    (-,-) 
  g12900__9945/Y  -       B0->Y F     OAI21X1        4 12.7   113   144    1371    (-,-) 
  g12887__7098/Y  -       B->Y  R     CLKXOR2X1      1  4.7    55   174    1545    (-,-) 
  g12874__4319/S  -       B->S  F     ADDHX1         4  9.5    66   214    1759    (-,-) 
  g12862__2883/Y  -       A1->Y R     AOI22X1        1  2.9   108   124    1882    (-,-) 
  g12861/Y        -       A->Y  F     INVX1          2  6.0    45    61    1944    (-,-) 
  g12858__6161/Y  -       C0->Y R     AOI211X1       2  5.5   192   162    2106    (-,-) 
  dec123_reg[9]/D -       -     R     DFFX1          2    -     -     0    2106    (-,-) 
#----------------------------------------------------------------------------------------



Path 15: MET (3306 ps) Setup Check with Pin dec123_reg[8]/CK->D
          Group: clk
     Startpoint: (F) i_data[12]
          Clock: (R) clk
       Endpoint: (R) dec123_reg[8]/D
          Clock: (R) clk

                     Capture       Launch     
        Clock Edge:+    5550            0     
        Drv Adjust:+       0            0     
       Src Latency:+       0            0     
       Net Latency:+       0 (I)        0 (I) 
           Arrival:=    5550            0     
                                              
             Setup:-     106                  
     Required Time:=    5444                  
      Launch Clock:-       0                  
       Input Delay:-     300                  
         Data Path:-    1838                  
             Slack:=    3306                  

Exceptions/Constraints:
  input_delay             300             constraints.sdc_line_3_4_1   

#----------------------------------------------------------------------------------------
#  Timing Point   Flags   Arc   Edge   Cell     Fanout Load Trans Delay Arrival Instance 
#                                                      (fF)  (ps)  (ps)   (ps)  Location 
#----------------------------------------------------------------------------------------
  i_data[12]      -       -     F     (arrival)      4 10.5     0     0     300    (-,-) 
  g12989__6161/Y  -       B->Y  F     AND2X1         2  4.7    31    85     385    (-,-) 
  g12953__5107/Y  -       B->Y  F     OR2X1          2  6.7    49   152     538    (-,-) 
  g12941__2346/Y  -       B->Y  R     CLKXOR2X1      3 11.6    96   183     720    (-,-) 
  g12940/Y        -       A->Y  F     CLKINVX2       2  6.0    32    44     764    (-,-) 
  g12936__9315/Y  -       B->Y  R     NOR2X1         3 11.6   186   151     915    (-,-) 
  g12934/Y        -       A->Y  F     INVX2          1  2.9    36    40     955    (-,-) 
  g12926__7098/Y  -       A->Y  R     NAND2X1        2  5.9    60    66    1022    (-,-) 
  g12919__2802/Y  -       B0->Y F     AOI21X1        2  6.0    60    52    1074    (-,-) 
  g12908__6417/Y  -       A1->Y R     AOI22X1        2  6.0   147   153    1227    (-,-) 
  g12904__1666/Y  -       B0->Y F     OAI21X1        4 12.7   113   144    1371    (-,-) 
  g12888__6131/Y  -       B->Y  R     CLKXOR2X1      1  4.7    55   174    1545    (-,-) 
  g12873__6260/S  -       B->S  F     ADDHX1         4 12.2    74   225    1770    (-,-) 
  g12859__9315/Y  -       A1->Y R     AOI22X1        2  6.0   149   159    1928    (-,-) 
  g12854__1881/Y  -       C0->Y F     OAI221X1       2  6.6   115   151    2080    (-,-) 
  g12850/Y        -       A->Y  R     CLKINVX1       1  1.8    45    58    2138    (-,-) 
  dec123_reg[8]/D -       -     R     DFFX1          1    -     -     0    2138    (-,-) 
#----------------------------------------------------------------------------------------



Path 16: MET (3330 ps) Setup Check with Pin dec123_reg[10]/CK->D
          Group: clk
     Startpoint: (F) i_data[12]
          Clock: (R) clk
       Endpoint: (R) dec123_reg[10]/D
          Clock: (R) clk

                     Capture       Launch     
        Clock Edge:+    5550            0     
        Drv Adjust:+       0            0     
       Src Latency:+       0            0     
       Net Latency:+       0 (I)        0 (I) 
           Arrival:=    5550            0     
                                              
             Setup:-     105                  
     Required Time:=    5445                  
      Launch Clock:-       0                  
       Input Delay:-     300                  
         Data Path:-    1816                  
             Slack:=    3330                  

Exceptions/Constraints:
  input_delay             300             constraints.sdc_line_3_4_1   

#-----------------------------------------------------------------------------------------
#  Timing Point    Flags   Arc   Edge   Cell     Fanout Load Trans Delay Arrival Instance 
#                                                       (fF)  (ps)  (ps)   (ps)  Location 
#-----------------------------------------------------------------------------------------
  i_data[12]       -       -     F     (arrival)      4 10.5     0     0     300    (-,-) 
  g12989__6161/Y   -       B->Y  F     AND2X1         2  4.7    31    85     385    (-,-) 
  g12953__5107/Y   -       B->Y  F     OR2X1          2  6.7    49   152     538    (-,-) 
  g12941__2346/Y   -       B->Y  R     CLKXOR2X1      3 11.6    96   183     720    (-,-) 
  g12940/Y         -       A->Y  F     CLKINVX2       2  6.0    32    44     764    (-,-) 
  g12936__9315/Y   -       B->Y  R     NOR2X1         3 11.6   186   151     915    (-,-) 
  g12934/Y         -       A->Y  F     INVX2          1  2.9    36    40     955    (-,-) 
  g12926__7098/Y   -       A->Y  R     NAND2X1        2  5.9    60    66    1022    (-,-) 
  g12919__2802/Y   -       B0->Y F     AOI21X1        2  6.0    60    52    1074    (-,-) 
  g12908__6417/Y   -       A1->Y R     AOI22X1        2  6.0   147   153    1227    (-,-) 
  g12904__1666/Y   -       B0->Y F     OAI21X1        4 12.7   113   144    1371    (-,-) 
  g12888__6131/Y   -       B->Y  R     CLKXOR2X1      1  4.7    55   174    1545    (-,-) 
  g12873__6260/S   -       B->S  F     ADDHX1         4 12.2    74   225    1770    (-,-) 
  g12859__9315/Y   -       A1->Y R     AOI22X1        2  6.0   149   159    1928    (-,-) 
  g12853__6131/Y   -       C0->Y F     OAI211X1       2  6.6   102   132    2060    (-,-) 
  g12849/Y         -       A->Y  R     CLKINVX1       1  1.8    42    55    2116    (-,-) 
  dec123_reg[10]/D -       -     R     DFFX1          1    -     -     0    2116    (-,-) 
#-----------------------------------------------------------------------------------------



Path 17: MET (3450 ps) Setup Check with Pin pm_mid_reg[10]/CK->D
          Group: clk
     Startpoint: (F) i_data[12]
          Clock: (R) clk
       Endpoint: (R) pm_mid_reg[10]/D
          Clock: (R) clk

                     Capture       Launch     
        Clock Edge:+    5550            0     
        Drv Adjust:+       0            0     
       Src Latency:+       0            0     
       Net Latency:+       0 (I)        0 (I) 
           Arrival:=    5550            0     
                                              
             Setup:-     118                  
     Required Time:=    5432                  
      Launch Clock:-       0                  
       Input Delay:-     300                  
         Data Path:-    1682                  
             Slack:=    3450                  

Exceptions/Constraints:
  input_delay             300             constraints.sdc_line_3_4_1   

#-----------------------------------------------------------------------------------------
#  Timing Point    Flags   Arc   Edge   Cell     Fanout Load Trans Delay Arrival Instance 
#                                                       (fF)  (ps)  (ps)   (ps)  Location 
#-----------------------------------------------------------------------------------------
  i_data[12]       -       -     F     (arrival)      4 10.5     0     0     300    (-,-) 
  g12989__6161/Y   -       B->Y  F     AND2X1         2  4.7    31    85     385    (-,-) 
  g12953__5107/Y   -       B->Y  F     OR2X1          2  6.7    49   152     538    (-,-) 
  g12941__2346/Y   -       B->Y  R     CLKXOR2X1      3 11.6    96   183     720    (-,-) 
  g12940/Y         -       A->Y  F     CLKINVX2       2  6.0    32    44     764    (-,-) 
  g12936__9315/Y   -       B->Y  R     NOR2X1         3 11.6   186   151     915    (-,-) 
  g12934/Y         -       A->Y  F     INVX2          1  2.9    36    40     955    (-,-) 
  g12926__7098/Y   -       A->Y  R     NAND2X1        2  5.9    60    66    1022    (-,-) 
  g12922/Y         -       A->Y  F     INVX1          5 10.2    47    63    1085    (-,-) 
  g12918__1617/Y   -       B0->Y R     AOI21X1        2  6.0   128   121    1207    (-,-) 
  g12910__2398/Y   -       B0->Y F     OAI21X1        1  3.0    57    82    1289    (-,-) 
  g12906__7410/Y   -       C0->Y R     OAI211X1       3 11.5   218    99    1388    (-,-) 
  g12905/Y         -       A->Y  F     CLKINVX2       2  5.6    49    55    1442    (-,-) 
  g12893__7482/Y   -       B->Y  F     CLKXOR2X1      1  4.8    48   149    1591    (-,-) 
  g12878__6783/CO  -       B->CO F     ADDHX1         5 13.8    63   132    1724    (-,-) 
  g12876__5526/Y   -       C->Y  F     OR3X1          1  2.9    48   203    1927    (-,-) 
  g12855__5115/Y   -       B0->Y R     OAI211X1       1  1.8    86    55    1982    (-,-) 
  pm_mid_reg[10]/D -       -     R     DFFX1          1    -     -     0    1982    (-,-) 
#-----------------------------------------------------------------------------------------



Path 18: MET (3485 ps) Setup Check with Pin pm_mid_reg[4]/CK->D
          Group: clk
     Startpoint: (F) i_data[12]
          Clock: (R) clk
       Endpoint: (F) pm_mid_reg[4]/D
          Clock: (R) clk

                     Capture       Launch     
        Clock Edge:+    5550            0     
        Drv Adjust:+       0            0     
       Src Latency:+       0            0     
       Net Latency:+       0 (I)        0 (I) 
           Arrival:=    5550            0     
                                              
             Setup:-     118                  
     Required Time:=    5432                  
      Launch Clock:-       0                  
       Input Delay:-     300                  
         Data Path:-    1647                  
             Slack:=    3485                  

Exceptions/Constraints:
  input_delay             300             constraints.sdc_line_3_4_1   

#----------------------------------------------------------------------------------------
#  Timing Point   Flags   Arc   Edge   Cell     Fanout Load Trans Delay Arrival Instance 
#                                                      (fF)  (ps)  (ps)   (ps)  Location 
#----------------------------------------------------------------------------------------
  i_data[12]      -       -     F     (arrival)      4 10.5     0     0     300    (-,-) 
  g12989__6161/Y  -       B->Y  F     AND2X1         2  4.7    31    85     385    (-,-) 
  g12953__5107/Y  -       B->Y  F     OR2X1          2  6.7    49   152     538    (-,-) 
  g12941__2346/Y  -       B->Y  R     CLKXOR2X1      3 11.6    96   183     720    (-,-) 
  g12940/Y        -       A->Y  F     CLKINVX2       2  6.0    32    44     764    (-,-) 
  g12936__9315/Y  -       B->Y  R     NOR2X1         3 11.6   186   151     915    (-,-) 
  g12934/Y        -       A->Y  F     INVX2          1  2.9    36    40     955    (-,-) 
  g12926__7098/Y  -       A->Y  R     NAND2X1        2  5.9    60    66    1022    (-,-) 
  g12922/Y        -       A->Y  F     INVX1          5 10.2    47    63    1085    (-,-) 
  g12918__1617/Y  -       B0->Y R     AOI21X1        2  6.0   128   121    1207    (-,-) 
  g12910__2398/Y  -       B0->Y F     OAI21X1        1  3.0    57    82    1289    (-,-) 
  g12906__7410/Y  -       C0->Y R     OAI211X1       3 11.5   218    99    1388    (-,-) 
  g12905/Y        -       A->Y  F     CLKINVX2       2  5.6    49    55    1442    (-,-) 
  g12893__7482/Y  -       B->Y  F     CLKXOR2X1      1  4.8    48   149    1591    (-,-) 
  g12878__6783/CO -       B->CO F     ADDHX1         5 13.8    63   132    1724    (-,-) 
  g12863__2346/Y  -       B1->Y R     AOI22X1        2  6.0   147   130    1854    (-,-) 
  g12856__7482/Y  -       C0->Y F     OAI211X1       1  1.8    65    93    1947    (-,-) 
  pm_mid_reg[4]/D -       -     F     DFFX1          1    -     -     0    1947    (-,-) 
#----------------------------------------------------------------------------------------



Path 19: MET (3494 ps) Setup Check with Pin pm_mid_reg[7]/CK->D
          Group: clk
     Startpoint: (F) i_data[12]
          Clock: (R) clk
       Endpoint: (F) pm_mid_reg[7]/D
          Clock: (R) clk

                     Capture       Launch     
        Clock Edge:+    5550            0     
        Drv Adjust:+       0            0     
       Src Latency:+       0            0     
       Net Latency:+       0 (I)        0 (I) 
           Arrival:=    5550            0     
                                              
             Setup:-     118                  
     Required Time:=    5432                  
      Launch Clock:-       0                  
       Input Delay:-     300                  
         Data Path:-    1638                  
             Slack:=    3494                  

Exceptions/Constraints:
  input_delay             300             constraints.sdc_line_3_4_1   

#----------------------------------------------------------------------------------------
#  Timing Point   Flags   Arc   Edge   Cell     Fanout Load Trans Delay Arrival Instance 
#                                                      (fF)  (ps)  (ps)   (ps)  Location 
#----------------------------------------------------------------------------------------
  i_data[12]      -       -     F     (arrival)      4 10.5     0     0     300    (-,-) 
  g12989__6161/Y  -       B->Y  F     AND2X1         2  4.7    31    85     385    (-,-) 
  g12953__5107/Y  -       B->Y  F     OR2X1          2  6.7    49   152     538    (-,-) 
  g12941__2346/Y  -       B->Y  R     CLKXOR2X1      3 11.6    96   183     720    (-,-) 
  g12940/Y        -       A->Y  F     CLKINVX2       2  6.0    32    44     764    (-,-) 
  g12936__9315/Y  -       B->Y  R     NOR2X1         3 11.6   186   151     915    (-,-) 
  g12934/Y        -       A->Y  F     INVX2          1  2.9    36    40     955    (-,-) 
  g12926__7098/Y  -       A->Y  R     NAND2X1        2  5.9    60    66    1022    (-,-) 
  g12919__2802/Y  -       B0->Y F     AOI21X1        2  6.0    60    52    1074    (-,-) 
  g12908__6417/Y  -       A1->Y R     AOI22X1        2  6.0   147   153    1227    (-,-) 
  g12904__1666/Y  -       B0->Y F     OAI21X1        4 12.7   113   144    1371    (-,-) 
  g12884__1705/Y  -       A1->Y R     OAI21X1        4 11.9   209   208    1579    (-,-) 
  g12881/Y        -       A->Y  F     INVX1          3  8.7    75    93    1672    (-,-) 
  g12860__9945/Y  -       A0->Y R     AOI22X1        2  6.0   147   173    1845    (-,-) 
  g12852__7098/Y  -       C0->Y F     OAI211X1       1  1.8    65    93    1938    (-,-) 
  pm_mid_reg[7]/D -       -     F     DFFX1          1    -     -     0    1938    (-,-) 
#----------------------------------------------------------------------------------------



Path 20: MET (3494 ps) Setup Check with Pin pm_mid_reg[1]/CK->D
          Group: clk
     Startpoint: (F) i_data[12]
          Clock: (R) clk
       Endpoint: (F) pm_mid_reg[1]/D
          Clock: (R) clk

                     Capture       Launch     
        Clock Edge:+    5550            0     
        Drv Adjust:+       0            0     
       Src Latency:+       0            0     
       Net Latency:+       0 (I)        0 (I) 
           Arrival:=    5550            0     
                                              
             Setup:-     118                  
     Required Time:=    5432                  
      Launch Clock:-       0                  
       Input Delay:-     300                  
         Data Path:-    1638                  
             Slack:=    3494                  

Exceptions/Constraints:
  input_delay             300             constraints.sdc_line_3_4_1   

#----------------------------------------------------------------------------------------
#  Timing Point   Flags   Arc   Edge   Cell     Fanout Load Trans Delay Arrival Instance 
#                                                      (fF)  (ps)  (ps)   (ps)  Location 
#----------------------------------------------------------------------------------------
  i_data[12]      -       -     F     (arrival)      4 10.5     0     0     300    (-,-) 
  g12989__6161/Y  -       B->Y  F     AND2X1         2  4.7    31    85     385    (-,-) 
  g12953__5107/Y  -       B->Y  F     OR2X1          2  6.7    49   152     538    (-,-) 
  g12941__2346/Y  -       B->Y  R     CLKXOR2X1      3 11.6    96   183     720    (-,-) 
  g12940/Y        -       A->Y  F     CLKINVX2       2  6.0    32    44     764    (-,-) 
  g12936__9315/Y  -       B->Y  R     NOR2X1         3 11.6   186   151     915    (-,-) 
  g12934/Y        -       A->Y  F     INVX2          1  2.9    36    40     955    (-,-) 
  g12926__7098/Y  -       A->Y  R     NAND2X1        2  5.9    60    66    1022    (-,-) 
  g12919__2802/Y  -       B0->Y F     AOI21X1        2  6.0    60    52    1074    (-,-) 
  g12908__6417/Y  -       A1->Y R     AOI22X1        2  6.0   147   153    1227    (-,-) 
  g12904__1666/Y  -       B0->Y F     OAI21X1        4 12.7   113   144    1371    (-,-) 
  g12884__1705/Y  -       A1->Y R     OAI21X1        4 11.9   209   208    1579    (-,-) 
  g12881/Y        -       A->Y  F     INVX1          3  8.7    75    93    1672    (-,-) 
  g12860__9945/Y  -       A0->Y R     AOI22X1        2  6.0   147   173    1845    (-,-) 
  g12851__8246/Y  -       C0->Y F     OAI211X1       1  1.8    65    93    1938    (-,-) 
  pm_mid_reg[1]/D -       -     F     DFFX1          1    -     -     0    1938    (-,-) 
#----------------------------------------------------------------------------------------

