============================================================
  Generated by:           Genus(TM) Synthesis Solution 23.17-s085_1
  Generated on:           May 17 2026  12:33:10 pm
  Module:                 viterbi_decoder
  Operating conditions:   ss_1.62_125 (balanced_tree)
  Wireload mode:          enclosed
  Area mode:              timing library
============================================================


Path 1: MET (836 ps) Setup Check with Pin u_memory_pm10_reg[1]/CK->D
          Group: clk
     Startpoint: (R) u_memory_rx_reg_reg[15]/CK
          Clock: (R) clk
       Endpoint: (F) u_memory_pm10_reg[1]/D
          Clock: (R) clk

                     Capture       Launch     
        Clock Edge:+    5000            0     
       Src Latency:+       0            0     
       Net Latency:+       0 (I)        0 (I) 
           Arrival:=    5000            0     
                                              
             Setup:-     246                  
       Uncertainty:-     250                  
     Required Time:=    4504                  
      Launch Clock:-       0                  
         Data Path:-    3668                  
             Slack:=     836                  

#----------------------------------------------------------------------------------------------------
#       Timing Point         Flags    Arc   Edge   Cell     Fanout Load Trans Delay Arrival Instance 
#                                                                  (fF)  (ps)  (ps)   (ps)  Location 
#----------------------------------------------------------------------------------------------------
  u_memory_rx_reg_reg[15]/CK -       -      R     (arrival)     53    -     0     0       0    (-,-) 
  u_memory_rx_reg_reg[15]/QN -       CK->QN R     DFFRX1         2  6.2    85   591     591    (-,-) 
  g6735__2398/Y              -       B->Y   F     NAND2X1        5 14.7   183   187     778    (-,-) 
  g6725__6161/Y              -       A->Y   F     CLKAND2X2      7 24.6   106   350    1128    (-,-) 
  g6703__1705/Y              -       B->Y   R     NAND2X1        2  6.2   101   117    1245    (-,-) 
  g6697/Y                    -       A->Y   F     CLKINVX1       1  3.1    41    72    1317    (-,-) 
  g6664__5107/Y              -       C0->Y  R     AOI211X1       2  6.0   316   258    1575    (-,-) 
  g6653/Y                    -       A->Y   F     CLKINVX1       1  3.0    79   122    1697    (-,-) 
  g6612__4319/Y              -       A0->Y  R     OAI21X1        1  3.2   138   171    1868    (-,-) 
  g6598__7410/Y              -       B->Y   F     NAND2X1        3 12.0   156   191    2059    (-,-) 
  g6575__7098/Y              -       A1->Y  R     OAI22X1        3  9.3   326   304    2363    (-,-) 
  g6558__7410/Y              -       B->Y   F     NOR2X1         2  6.1   105   166    2530    (-,-) 
  g6535__6783/Y              -       B0->Y  R     AOI211X1       2  6.1   320   324    2854    (-,-) 
  g6515__6260/Y              -       A1->Y  F     OAI21X1        1  3.2    90   172    3026    (-,-) 
  g6508__6417/Y              -       B->Y   R     NAND2X1        3 12.2   161   155    3182    (-,-) 
  g6506/Y                    -       A->Y   F     CLKINVX2       4  9.8    63   104    3286    (-,-) 
  g6493__8246/Y              -       A1->Y  R     AOI22X1        1  3.1   162   182    3468    (-,-) 
  g6477__2398/Y              -       A1->Y  F     OAI221X1       1  1.8   127   200    3668    (-,-) 
  u_memory_pm10_reg[1]/D     <<<     -      F     DFFSX1         1    -     -     0    3668    (-,-) 
#----------------------------------------------------------------------------------------------------

